{
  "C:\\Users\\Admin\\Desktop\\React-Tasks\\src\\App.tsx": {
    "path": "C:\\Users\\Admin\\Desktop\\React-Tasks\\src\\App.tsx",
    "all": false,
    "statementMap": {
      "0": { "start": { "line": 1, "column": 0 }, "end": { "line": 1, "column": 19 } },
      "1": { "start": { "line": 2, "column": 0 }, "end": { "line": 2, "column": 49 } },
      "2": { "start": { "line": 3, "column": 0 }, "end": { "line": 3, "column": 52 } },
      "3": { "start": { "line": 4, "column": 0 }, "end": { "line": 4, "column": 39 } },
      "4": { "start": { "line": 5, "column": 0 }, "end": { "line": 5, "column": 38 } },
      "5": { "start": { "line": 6, "column": 0 }, "end": { "line": 6, "column": 53 } },
      "7": { "start": { "line": 8, "column": 0 }, "end": { "line": 8, "column": 15 } },
      "8": { "start": { "line": 9, "column": 0 }, "end": { "line": 9, "column": 15 } },
      "9": { "start": { "line": 10, "column": 0 }, "end": { "line": 10, "column": 23 } },
      "10": { "start": { "line": 11, "column": 0 }, "end": { "line": 11, "column": 29 } },
      "11": { "start": { "line": 12, "column": 0 }, "end": { "line": 12, "column": 4 } },
      "12": { "start": { "line": 13, "column": 0 }, "end": { "line": 13, "column": 2 } },
      "14": { "start": { "line": 15, "column": 0 }, "end": { "line": 15, "column": 19 } },
      "15": { "start": { "line": 16, "column": 0 }, "end": { "line": 16, "column": 10 } },
      "16": { "start": { "line": 17, "column": 0 }, "end": { "line": 17, "column": 29 } },
      "17": { "start": { "line": 18, "column": 0 }, "end": { "line": 18, "column": 30 } },
      "18": { "start": { "line": 19, "column": 0 }, "end": { "line": 19, "column": 45 } },
      "19": { "start": { "line": 20, "column": 0 }, "end": { "line": 20, "column": 25 } },
      "20": { "start": { "line": 21, "column": 0 }, "end": { "line": 21, "column": 27 } },
      "21": { "start": { "line": 22, "column": 0 }, "end": { "line": 22, "column": 26 } },
      "22": { "start": { "line": 23, "column": 0 }, "end": { "line": 23, "column": 32 } },
      "23": { "start": { "line": 24, "column": 0 }, "end": { "line": 24, "column": 17 } },
      "24": { "start": { "line": 25, "column": 0 }, "end": { "line": 25, "column": 10 } },
      "26": { "start": { "line": 27, "column": 0 }, "end": { "line": 27, "column": 2 } },
      "28": { "start": { "line": 29, "column": 0 }, "end": { "line": 29, "column": 19 } }
    },
    "s": {
      "0": 1,
      "1": 1,
      "2": 1,
      "3": 1,
      "4": 1,
      "5": 1,
      "7": 1,
      "8": 1,
      "9": 1,
      "10": 1,
      "11": 1,
      "12": 1,
      "14": 1,
      "15": 5,
      "16": 5,
      "17": 5,
      "18": 5,
      "19": 5,
      "20": 5,
      "21": 5,
      "22": 5,
      "23": 5,
      "24": 5,
      "26": 5,
      "28": 1
    },
    "branchMap": {
      "0": {
        "type": "branch",
        "line": 10,
        "loc": { "start": { "line": 10, "column": 10 }, "end": { "line": 12, "column": 4 } },
        "locations": [{ "start": { "line": 10, "column": 10 }, "end": { "line": 12, "column": 4 } }]
      },
      "1": {
        "type": "branch",
        "line": 15,
        "loc": { "start": { "line": 15, "column": 12 }, "end": { "line": 27, "column": 2 } },
        "locations": [{ "start": { "line": 15, "column": 12 }, "end": { "line": 27, "column": 2 } }]
      }
    },
    "b": { "0": [1], "1": [5] },
    "fnMap": {
      "0": {
        "name": "change",
        "decl": { "start": { "line": 10, "column": 10 }, "end": { "line": 12, "column": 4 } },
        "loc": { "start": { "line": 10, "column": 10 }, "end": { "line": 12, "column": 4 } },
        "line": 10
      },
      "1": {
        "name": "App",
        "decl": { "start": { "line": 15, "column": 12 }, "end": { "line": 27, "column": 2 } },
        "loc": { "start": { "line": 15, "column": 12 }, "end": { "line": 27, "column": 2 } },
        "line": 15
      }
    },
    "f": { "0": 1, "1": 5 }
  },
  "C:\\Users\\Admin\\Desktop\\React-Tasks\\src\\components\\card.tsx": {
    "path": "C:\\Users\\Admin\\Desktop\\React-Tasks\\src\\components\\card.tsx",
    "all": false,
    "statementMap": {
      "0": { "start": { "line": 1, "column": 0 }, "end": { "line": 1, "column": 20 } },
      "2": { "start": { "line": 3, "column": 0 }, "end": { "line": 3, "column": 40 } },
      "3": { "start": { "line": 4, "column": 0 }, "end": { "line": 4, "column": 52 } },
      "4": { "start": { "line": 5, "column": 0 }, "end": { "line": 5, "column": 55 } },
      "6": { "start": { "line": 7, "column": 0 }, "end": { "line": 7, "column": 84 } },
      "8": { "start": { "line": 9, "column": 0 }, "end": { "line": 9, "column": 36 } },
      "9": { "start": { "line": 10, "column": 0 }, "end": { "line": 10, "column": 33 } },
      "10": { "start": { "line": 11, "column": 0 }, "end": { "line": 11, "column": 82 } },
      "12": { "start": { "line": 13, "column": 0 }, "end": { "line": 13, "column": 85 } },
      "13": { "start": { "line": 14, "column": 0 }, "end": { "line": 14, "column": 27 } },
      "14": { "start": { "line": 15, "column": 0 }, "end": { "line": 15, "column": 13 } },
      "15": { "start": { "line": 16, "column": 0 }, "end": { "line": 16, "column": 26 } },
      "16": { "start": { "line": 17, "column": 0 }, "end": { "line": 17, "column": 21 } },
      "17": { "start": { "line": 18, "column": 0 }, "end": { "line": 18, "column": 25 } },
      "18": { "start": { "line": 19, "column": 0 }, "end": { "line": 19, "column": 27 } },
      "19": { "start": { "line": 20, "column": 0 }, "end": { "line": 20, "column": 37 } },
      "20": { "start": { "line": 21, "column": 0 }, "end": { "line": 21, "column": 27 } },
      "21": { "start": { "line": 22, "column": 0 }, "end": { "line": 22, "column": 8 } },
      "22": { "start": { "line": 23, "column": 0 }, "end": { "line": 23, "column": 6 } },
      "23": { "start": { "line": 24, "column": 0 }, "end": { "line": 24, "column": 3 } },
      "25": { "start": { "line": 26, "column": 0 }, "end": { "line": 26, "column": 90 } },
      "26": { "start": { "line": 27, "column": 0 }, "end": { "line": 27, "column": 27 } },
      "27": { "start": { "line": 28, "column": 0 }, "end": { "line": 28, "column": 43 } },
      "28": { "start": { "line": 29, "column": 0 }, "end": { "line": 29, "column": 3 } },
      "30": { "start": { "line": 31, "column": 0 }, "end": { "line": 31, "column": 22 } },
      "31": { "start": { "line": 32, "column": 0 }, "end": { "line": 32, "column": 50 } },
      "32": { "start": { "line": 33, "column": 0 }, "end": { "line": 33, "column": 43 } },
      "33": { "start": { "line": 34, "column": 0 }, "end": { "line": 34, "column": 5 } },
      "35": { "start": { "line": 36, "column": 0 }, "end": { "line": 36, "column": 10 } },
      "36": { "start": { "line": 37, "column": 0 }, "end": { "line": 37, "column": 81 } },
      "37": { "start": { "line": 38, "column": 0 }, "end": { "line": 38, "column": 10 } },
      "38": { "start": { "line": 39, "column": 0 }, "end": { "line": 39, "column": 34 } },
      "39": { "start": { "line": 40, "column": 0 }, "end": { "line": 40, "column": 101 } },
      "40": { "start": { "line": 41, "column": 0 }, "end": { "line": 41, "column": 24 } },
      "41": { "start": { "line": 42, "column": 0 }, "end": { "line": 42, "column": 8 } },
      "42": { "start": { "line": 43, "column": 0 }, "end": { "line": 43, "column": 56 } },
      "43": { "start": { "line": 44, "column": 0 }, "end": { "line": 44, "column": 44 } },
      "44": { "start": { "line": 45, "column": 0 }, "end": { "line": 45, "column": 28 } },
      "45": { "start": { "line": 46, "column": 0 }, "end": { "line": 46, "column": 31 } },
      "46": { "start": { "line": 47, "column": 0 }, "end": { "line": 47, "column": 10 } },
      "48": { "start": { "line": 49, "column": 0 }, "end": { "line": 49, "column": 12 } },
      "49": { "start": { "line": 50, "column": 0 }, "end": { "line": 50, "column": 69 } },
      "50": { "start": { "line": 51, "column": 0 }, "end": { "line": 51, "column": 23 } },
      "51": { "start": { "line": 52, "column": 0 }, "end": { "line": 52, "column": 20 } },
      "52": { "start": { "line": 53, "column": 0 }, "end": { "line": 53, "column": 35 } },
      "53": { "start": { "line": 54, "column": 0 }, "end": { "line": 54, "column": 99 } },
      "54": { "start": { "line": 55, "column": 0 }, "end": { "line": 55, "column": 10 } },
      "56": { "start": { "line": 57, "column": 0 }, "end": { "line": 57, "column": 11 } },
      "58": { "start": { "line": 59, "column": 0 }, "end": { "line": 59, "column": 2 } },
      "60": { "start": { "line": 61, "column": 0 }, "end": { "line": 61, "column": 20 } }
    },
    "s": {
      "0": 1,
      "2": 1,
      "3": 1,
      "4": 1,
      "6": 1,
      "8": 1,
      "9": 7,
      "10": 7,
      "12": 7,
      "13": 1,
      "14": 1,
      "15": 1,
      "16": 1,
      "17": 1,
      "18": 1,
      "19": 1,
      "20": 1,
      "21": 1,
      "22": 1,
      "23": 1,
      "25": 7,
      "26": 1,
      "27": 1,
      "28": 1,
      "30": 7,
      "31": 7,
      "32": 7,
      "33": 7,
      "35": 7,
      "36": 7,
      "37": 7,
      "38": 7,
      "39": 7,
      "40": 7,
      "41": 7,
      "42": 7,
      "43": 7,
      "44": 7,
      "45": 7,
      "46": 7,
      "48": 7,
      "49": 7,
      "50": 7,
      "51": 7,
      "52": 7,
      "53": 7,
      "54": 7,
      "56": 7,
      "58": 7,
      "60": 1
    },
    "branchMap": {
      "0": {
        "type": "branch",
        "line": 9,
        "loc": { "start": { "line": 9, "column": 13 }, "end": { "line": 59, "column": 2 } },
        "locations": [{ "start": { "line": 9, "column": 13 }, "end": { "line": 59, "column": 2 } }]
      },
      "1": {
        "type": "branch",
        "line": 40,
        "loc": { "start": { "line": 40, "column": 19 }, "end": { "line": 40, "column": 101 } },
        "locations": [{ "start": { "line": 40, "column": 19 }, "end": { "line": 40, "column": 101 } }]
      },
      "2": {
        "type": "branch",
        "line": 46,
        "loc": { "start": { "line": 46, "column": 15 }, "end": { "line": 46, "column": 31 } },
        "locations": [{ "start": { "line": 46, "column": 15 }, "end": { "line": 46, "column": 31 } }]
      },
      "3": {
        "type": "branch",
        "line": 50,
        "loc": { "start": { "line": 50, "column": 33 }, "end": { "line": 50, "column": 64 } },
        "locations": [{ "start": { "line": 50, "column": 33 }, "end": { "line": 50, "column": 64 } }]
      },
      "4": {
        "type": "branch",
        "line": 50,
        "loc": { "start": { "line": 50, "column": 43 }, "end": { "line": 50, "column": 66 } },
        "locations": [{ "start": { "line": 50, "column": 43 }, "end": { "line": 50, "column": 66 } }]
      },
      "5": {
        "type": "branch",
        "line": 11,
        "loc": { "start": { "line": 11, "column": 40 }, "end": { "line": 11, "column": 80 } },
        "locations": [{ "start": { "line": 11, "column": 40 }, "end": { "line": 11, "column": 80 } }]
      },
      "6": {
        "type": "branch",
        "line": 13,
        "loc": { "start": { "line": 13, "column": 2 }, "end": { "line": 24, "column": 3 } },
        "locations": [{ "start": { "line": 13, "column": 2 }, "end": { "line": 24, "column": 3 } }]
      },
      "7": {
        "type": "branch",
        "line": 26,
        "loc": { "start": { "line": 26, "column": 2 }, "end": { "line": 29, "column": 3 } },
        "locations": [{ "start": { "line": 26, "column": 2 }, "end": { "line": 29, "column": 3 } }]
      },
      "8": {
        "type": "branch",
        "line": 32,
        "loc": { "start": { "line": 32, "column": 41 }, "end": { "line": 34, "column": 3 } },
        "locations": [{ "start": { "line": 32, "column": 41 }, "end": { "line": 34, "column": 3 } }]
      },
      "9": {
        "type": "branch",
        "line": 33,
        "loc": { "start": { "line": 33, "column": 28 }, "end": { "line": 33, "column": 43 } },
        "locations": [{ "start": { "line": 33, "column": 28 }, "end": { "line": 33, "column": 43 } }]
      },
      "10": {
        "type": "branch",
        "line": 54,
        "loc": { "start": { "line": 54, "column": 19 }, "end": { "line": 54, "column": 99 } },
        "locations": [{ "start": { "line": 54, "column": 19 }, "end": { "line": 54, "column": 99 } }]
      },
      "11": {
        "type": "branch",
        "line": 54,
        "loc": { "start": { "line": 54, "column": 31 }, "end": { "line": 54, "column": 73 } },
        "locations": [{ "start": { "line": 54, "column": 31 }, "end": { "line": 54, "column": 73 } }]
      },
      "12": {
        "type": "branch",
        "line": 54,
        "loc": { "start": { "line": 54, "column": 69 }, "end": { "line": 54, "column": 99 } },
        "locations": [{ "start": { "line": 54, "column": 69 }, "end": { "line": 54, "column": 99 } }]
      }
    },
    "b": {
      "0": [7],
      "1": [3],
      "2": [4],
      "3": [2],
      "4": [5],
      "5": [14],
      "6": [1],
      "7": [1],
      "8": [7],
      "9": [2],
      "10": [2],
      "11": [1],
      "12": [1]
    },
    "fnMap": {
      "0": {
        "name": "Card",
        "decl": { "start": { "line": 9, "column": 13 }, "end": { "line": 59, "column": 2 } },
        "loc": { "start": { "line": 9, "column": 13 }, "end": { "line": 59, "column": 2 } },
        "line": 9
      },
      "1": {
        "name": "addElementToSlice",
        "decl": { "start": { "line": 13, "column": 2 }, "end": { "line": 24, "column": 3 } },
        "loc": { "start": { "line": 13, "column": 2 }, "end": { "line": 24, "column": 3 } },
        "line": 13
      },
      "2": {
        "name": "removeElementFromSlice",
        "decl": { "start": { "line": 26, "column": 2 }, "end": { "line": 29, "column": 3 } },
        "loc": { "start": { "line": 26, "column": 2 }, "end": { "line": 29, "column": 3 } },
        "line": 26
      },
      "3": {
        "name": "onClick",
        "decl": { "start": { "line": 54, "column": 19 }, "end": { "line": 54, "column": 99 } },
        "loc": { "start": { "line": 54, "column": 19 }, "end": { "line": 54, "column": 99 } },
        "line": 54
      }
    },
    "f": { "0": 7, "1": 1, "2": 1, "3": 2 }
  },
  "C:\\Users\\Admin\\Desktop\\React-Tasks\\src\\components\\cardDescription.tsx": {
    "path": "C:\\Users\\Admin\\Desktop\\React-Tasks\\src\\components\\cardDescription.tsx",
    "all": false,
    "statementMap": {
      "0": { "start": { "line": 1, "column": 0 }, "end": { "line": 1, "column": 31 } },
      "1": { "start": { "line": 2, "column": 0 }, "end": { "line": 2, "column": 55 } },
      "2": { "start": { "line": 3, "column": 0 }, "end": { "line": 3, "column": 57 } },
      "4": { "start": { "line": 5, "column": 0 }, "end": { "line": 5, "column": 58 } },
      "5": { "start": { "line": 6, "column": 0 }, "end": { "line": 6, "column": 55 } },
      "6": { "start": { "line": 7, "column": 0 }, "end": { "line": 7, "column": 34 } },
      "7": { "start": { "line": 8, "column": 0 }, "end": { "line": 8, "column": 32 } },
      "9": { "start": { "line": 10, "column": 0 }, "end": { "line": 10, "column": 51 } },
      "10": { "start": { "line": 11, "column": 0 }, "end": { "line": 11, "column": 33 } },
      "11": { "start": { "line": 12, "column": 0 }, "end": { "line": 12, "column": 33 } },
      "12": { "start": { "line": 13, "column": 0 }, "end": { "line": 13, "column": 82 } },
      "13": { "start": { "line": 14, "column": 0 }, "end": { "line": 14, "column": 65 } },
      "15": { "start": { "line": 16, "column": 0 }, "end": { "line": 16, "column": 29 } },
      "16": { "start": { "line": 17, "column": 0 }, "end": { "line": 17, "column": 27 } },
      "18": { "start": { "line": 19, "column": 0 }, "end": { "line": 19, "column": 19 } },
      "19": { "start": { "line": 20, "column": 0 }, "end": { "line": 20, "column": 61 } },
      "20": { "start": { "line": 21, "column": 0 }, "end": { "line": 21, "column": 25 } },
      "22": { "start": { "line": 23, "column": 0 }, "end": { "line": 23, "column": 110 } },
      "23": { "start": { "line": 24, "column": 0 }, "end": { "line": 24, "column": 44 } },
      "25": { "start": { "line": 26, "column": 0 }, "end": { "line": 26, "column": 10 } },
      "26": { "start": { "line": 27, "column": 0 }, "end": { "line": 27, "column": 89 } },
      "27": { "start": { "line": 28, "column": 0 }, "end": { "line": 28, "column": 85 } },
      "28": { "start": { "line": 29, "column": 0 }, "end": { "line": 29, "column": 34 } },
      "29": { "start": { "line": 30, "column": 0 }, "end": { "line": 30, "column": 107 } },
      "31": { "start": { "line": 32, "column": 0 }, "end": { "line": 32, "column": 19 } },
      "32": { "start": { "line": 33, "column": 0 }, "end": { "line": 33, "column": 14 } },
      "33": { "start": { "line": 34, "column": 0 }, "end": { "line": 34, "column": 12 } },
      "34": { "start": { "line": 35, "column": 0 }, "end": { "line": 35, "column": 43 } },
      "35": { "start": { "line": 36, "column": 0 }, "end": { "line": 36, "column": 15 } },
      "36": { "start": { "line": 37, "column": 0 }, "end": { "line": 37, "column": 118 } },
      "38": { "start": { "line": 39, "column": 0 }, "end": { "line": 39, "column": 25 } },
      "39": { "start": { "line": 40, "column": 0 }, "end": { "line": 40, "column": 15 } },
      "40": { "start": { "line": 41, "column": 0 }, "end": { "line": 41, "column": 63 } },
      "41": { "start": { "line": 42, "column": 0 }, "end": { "line": 42, "column": 87 } },
      "42": { "start": { "line": 43, "column": 0 }, "end": { "line": 43, "column": 92 } },
      "43": { "start": { "line": 44, "column": 0 }, "end": { "line": 44, "column": 98 } },
      "44": { "start": { "line": 45, "column": 0 }, "end": { "line": 45, "column": 98 } },
      "45": { "start": { "line": 46, "column": 0 }, "end": { "line": 46, "column": 78 } },
      "46": { "start": { "line": 47, "column": 0 }, "end": { "line": 47, "column": 12 } },
      "47": { "start": { "line": 48, "column": 0 }, "end": { "line": 48, "column": 10 } },
      "49": { "start": { "line": 50, "column": 0 }, "end": { "line": 50, "column": 2 } },
      "51": { "start": { "line": 52, "column": 0 }, "end": { "line": 52, "column": 31 } }
    },
    "s": {
      "0": 1,
      "1": 1,
      "2": 1,
      "4": 1,
      "5": 1,
      "6": 1,
      "7": 1,
      "9": 1,
      "10": 12,
      "11": 12,
      "12": 12,
      "13": 12,
      "15": 12,
      "16": 12,
      "18": 12,
      "19": 3,
      "20": 12,
      "22": 12,
      "23": 3,
      "25": 3,
      "26": 3,
      "27": 3,
      "28": 3,
      "29": 3,
      "31": 3,
      "32": 3,
      "33": 3,
      "34": 3,
      "35": 3,
      "36": 12,
      "38": 12,
      "39": 12,
      "40": 12,
      "41": 12,
      "42": 12,
      "43": 12,
      "44": 12,
      "45": 12,
      "46": 12,
      "47": 12,
      "49": 12,
      "51": 1
    },
    "branchMap": {
      "0": {
        "type": "branch",
        "line": 10,
        "loc": { "start": { "line": 10, "column": 24 }, "end": { "line": 50, "column": 2 } },
        "locations": [{ "start": { "line": 10, "column": 24 }, "end": { "line": 50, "column": 2 } }]
      },
      "1": {
        "type": "branch",
        "line": 23,
        "loc": { "start": { "line": 23, "column": 19 }, "end": { "line": 23, "column": 98 } },
        "locations": [{ "start": { "line": 23, "column": 19 }, "end": { "line": 23, "column": 98 } }]
      },
      "2": {
        "type": "branch",
        "line": 23,
        "loc": { "start": { "line": 23, "column": 52 }, "end": { "line": 23, "column": 98 } },
        "locations": [{ "start": { "line": 23, "column": 52 }, "end": { "line": 23, "column": 98 } }]
      },
      "3": {
        "type": "branch",
        "line": 23,
        "loc": { "start": { "line": 23, "column": 98 }, "end": { "line": 23, "column": 110 } },
        "locations": [{ "start": { "line": 23, "column": 98 }, "end": { "line": 23, "column": 110 } }]
      },
      "4": {
        "type": "branch",
        "line": 23,
        "loc": { "start": { "line": 23, "column": 105 }, "end": { "line": 37, "column": 46 } },
        "locations": [{ "start": { "line": 23, "column": 105 }, "end": { "line": 37, "column": 46 } }]
      },
      "5": {
        "type": "branch",
        "line": 37,
        "loc": { "start": { "line": 37, "column": 34 }, "end": { "line": 37, "column": 118 } },
        "locations": [{ "start": { "line": 37, "column": 34 }, "end": { "line": 37, "column": 118 } }]
      },
      "6": {
        "type": "branch",
        "line": 46,
        "loc": { "start": { "line": 46, "column": 21 }, "end": { "line": 46, "column": 59 } },
        "locations": [{ "start": { "line": 46, "column": 21 }, "end": { "line": 46, "column": 59 } }]
      },
      "7": {
        "type": "branch",
        "line": 46,
        "loc": { "start": { "line": 46, "column": 46 }, "end": { "line": 46, "column": 73 } },
        "locations": [{ "start": { "line": 46, "column": 46 }, "end": { "line": 46, "column": 73 } }]
      },
      "8": {
        "type": "branch",
        "line": 46,
        "loc": { "start": { "line": 46, "column": 68 }, "end": { "line": 46, "column": 78 } },
        "locations": [{ "start": { "line": 46, "column": 68 }, "end": { "line": 46, "column": 78 } }]
      },
      "9": {
        "type": "branch",
        "line": 13,
        "loc": { "start": { "line": 13, "column": 39 }, "end": { "line": 13, "column": 80 } },
        "locations": [{ "start": { "line": 13, "column": 39 }, "end": { "line": 13, "column": 80 } }]
      },
      "10": {
        "type": "branch",
        "line": 19,
        "loc": { "start": { "line": 19, "column": 12 }, "end": { "line": 21, "column": 5 } },
        "locations": [{ "start": { "line": 19, "column": 12 }, "end": { "line": 21, "column": 5 } }]
      },
      "11": {
        "type": "branch",
        "line": 27,
        "loc": { "start": { "line": 27, "column": 39 }, "end": { "line": 27, "column": 60 } },
        "locations": [{ "start": { "line": 27, "column": 39 }, "end": { "line": 27, "column": 60 } }]
      },
      "12": {
        "type": "branch",
        "line": 28,
        "loc": { "start": { "line": 28, "column": 49 }, "end": { "line": 28, "column": 85 } },
        "locations": [{ "start": { "line": 28, "column": 49 }, "end": { "line": 28, "column": 85 } }]
      },
      "13": {
        "type": "branch",
        "line": 30,
        "loc": { "start": { "line": 30, "column": 86 }, "end": { "line": 30, "column": 107 } },
        "locations": [{ "start": { "line": 30, "column": 86 }, "end": { "line": 30, "column": 107 } }]
      }
    },
    "b": {
      "0": [12],
      "1": [3],
      "2": [0],
      "3": [9],
      "4": [3],
      "5": [0],
      "6": [3],
      "7": [0],
      "8": [3],
      "9": [25],
      "10": [3],
      "11": [1],
      "12": [1],
      "13": [1]
    },
    "fnMap": {
      "0": {
        "name": "CardDescription",
        "decl": { "start": { "line": 10, "column": 24 }, "end": { "line": 50, "column": 2 } },
        "loc": { "start": { "line": 10, "column": 24 }, "end": { "line": 50, "column": 2 } },
        "line": 10
      },
      "1": {
        "name": "onClick",
        "decl": { "start": { "line": 27, "column": 39 }, "end": { "line": 27, "column": 60 } },
        "loc": { "start": { "line": 27, "column": 39 }, "end": { "line": 27, "column": 60 } },
        "line": 27
      },
      "2": {
        "name": "onClick",
        "decl": { "start": { "line": 28, "column": 49 }, "end": { "line": 28, "column": 85 } },
        "loc": { "start": { "line": 28, "column": 49 }, "end": { "line": 28, "column": 85 } },
        "line": 28
      },
      "3": {
        "name": "onClick",
        "decl": { "start": { "line": 30, "column": 86 }, "end": { "line": 30, "column": 107 } },
        "loc": { "start": { "line": 30, "column": 86 }, "end": { "line": 30, "column": 107 } },
        "line": 30
      }
    },
    "f": { "0": 12, "1": 1, "2": 1, "3": 1 }
  },
  "C:\\Users\\Admin\\Desktop\\React-Tasks\\src\\components\\cardList.tsx": {
    "path": "C:\\Users\\Admin\\Desktop\\React-Tasks\\src\\components\\cardList.tsx",
    "all": false,
    "statementMap": {
      "0": { "start": { "line": 1, "column": 0 }, "end": { "line": 1, "column": 24 } },
      "3": { "start": { "line": 4, "column": 0 }, "end": { "line": 4, "column": 44 } },
      "4": { "start": { "line": 5, "column": 0 }, "end": { "line": 5, "column": 10 } },
      "5": { "start": { "line": 6, "column": 0 }, "end": { "line": 6, "column": 32 } },
      "6": { "start": { "line": 7, "column": 0 }, "end": { "line": 7, "column": 32 } },
      "7": { "start": { "line": 8, "column": 0 }, "end": { "line": 8, "column": 33 } },
      "8": { "start": { "line": 9, "column": 0 }, "end": { "line": 9, "column": 106 } },
      "9": { "start": { "line": 10, "column": 0 }, "end": { "line": 10, "column": 16 } },
      "10": { "start": { "line": 11, "column": 0 }, "end": { "line": 11, "column": 11 } },
      "12": { "start": { "line": 13, "column": 0 }, "end": { "line": 13, "column": 2 } },
      "14": { "start": { "line": 15, "column": 0 }, "end": { "line": 15, "column": 24 } }
    },
    "s": { "0": 1, "3": 1, "4": 16, "5": 16, "6": 16, "7": 16, "8": 16, "9": 16, "10": 16, "12": 16, "14": 1 },
    "branchMap": {
      "0": {
        "type": "branch",
        "line": 4,
        "loc": { "start": { "line": 4, "column": 17 }, "end": { "line": 13, "column": 2 } },
        "locations": [{ "start": { "line": 4, "column": 17 }, "end": { "line": 13, "column": 2 } }]
      },
      "1": {
        "type": "branch",
        "line": 9,
        "loc": { "start": { "line": 9, "column": 37 }, "end": { "line": 9, "column": 70 } },
        "locations": [{ "start": { "line": 9, "column": 37 }, "end": { "line": 9, "column": 70 } }]
      },
      "2": {
        "type": "branch",
        "line": 9,
        "loc": { "start": { "line": 9, "column": 66 }, "end": { "line": 9, "column": 87 } },
        "locations": [{ "start": { "line": 9, "column": 66 }, "end": { "line": 9, "column": 87 } }]
      },
      "3": {
        "type": "branch",
        "line": 9,
        "loc": { "start": { "line": 9, "column": 76 }, "end": { "line": 9, "column": 106 } },
        "locations": [{ "start": { "line": 9, "column": 76 }, "end": { "line": 9, "column": 106 } }]
      }
    },
    "b": { "0": [16], "1": [2], "2": [1], "3": [14] },
    "fnMap": {
      "0": {
        "name": "CardList",
        "decl": { "start": { "line": 4, "column": 17 }, "end": { "line": 13, "column": 2 } },
        "loc": { "start": { "line": 4, "column": 17 }, "end": { "line": 13, "column": 2 } },
        "line": 4
      }
    },
    "f": { "0": 16 }
  },
  "C:\\Users\\Admin\\Desktop\\React-Tasks\\src\\components\\footer.tsx": {
    "path": "C:\\Users\\Admin\\Desktop\\React-Tasks\\src\\components\\footer.tsx",
    "all": false,
    "statementMap": {
      "0": { "start": { "line": 1, "column": 0 }, "end": { "line": 1, "column": 22 } },
      "2": { "start": { "line": 3, "column": 0 }, "end": { "line": 3, "column": 22 } },
      "3": { "start": { "line": 4, "column": 0 }, "end": { "line": 4, "column": 10 } },
      "4": { "start": { "line": 5, "column": 0 }, "end": { "line": 5, "column": 31 } },
      "5": { "start": { "line": 6, "column": 0 }, "end": { "line": 6, "column": 30 } },
      "6": { "start": { "line": 7, "column": 0 }, "end": { "line": 7, "column": 8 } },
      "7": { "start": { "line": 8, "column": 0 }, "end": { "line": 8, "column": 32 } },
      "8": { "start": { "line": 9, "column": 0 }, "end": { "line": 9, "column": 41 } },
      "9": { "start": { "line": 10, "column": 0 }, "end": { "line": 10, "column": 23 } },
      "10": { "start": { "line": 11, "column": 0 }, "end": { "line": 11, "column": 24 } },
      "11": { "start": { "line": 12, "column": 0 }, "end": { "line": 12, "column": 30 } },
      "12": { "start": { "line": 13, "column": 0 }, "end": { "line": 13, "column": 7 } },
      "14": { "start": { "line": 15, "column": 0 }, "end": { "line": 15, "column": 10 } },
      "15": { "start": { "line": 16, "column": 0 }, "end": { "line": 16, "column": 13 } },
      "17": { "start": { "line": 18, "column": 0 }, "end": { "line": 18, "column": 2 } },
      "19": { "start": { "line": 20, "column": 0 }, "end": { "line": 20, "column": 22 } }
    },
    "s": {
      "0": 1,
      "2": 1,
      "3": 13,
      "4": 13,
      "5": 13,
      "6": 13,
      "7": 13,
      "8": 13,
      "9": 13,
      "10": 13,
      "11": 13,
      "12": 13,
      "14": 13,
      "15": 13,
      "17": 13,
      "19": 1
    },
    "branchMap": {
      "0": {
        "type": "branch",
        "line": 3,
        "loc": { "start": { "line": 3, "column": 15 }, "end": { "line": 18, "column": 2 } },
        "locations": [{ "start": { "line": 3, "column": 15 }, "end": { "line": 18, "column": 2 } }]
      }
    },
    "b": { "0": [13] },
    "fnMap": {
      "0": {
        "name": "Footer",
        "decl": { "start": { "line": 3, "column": 15 }, "end": { "line": 18, "column": 2 } },
        "loc": { "start": { "line": 3, "column": 15 }, "end": { "line": 18, "column": 2 } },
        "line": 3
      }
    },
    "f": { "0": 13 }
  },
  "C:\\Users\\Admin\\Desktop\\React-Tasks\\src\\components\\loading.tsx": {
    "path": "C:\\Users\\Admin\\Desktop\\React-Tasks\\src\\components\\loading.tsx",
    "all": false,
    "statementMap": {
      "0": { "start": { "line": 1, "column": 0 }, "end": { "line": 1, "column": 23 } },
      "1": { "start": { "line": 2, "column": 0 }, "end": { "line": 2, "column": 54 } },
      "3": { "start": { "line": 4, "column": 0 }, "end": { "line": 4, "column": 23 } },
      "4": { "start": { "line": 5, "column": 0 }, "end": { "line": 5, "column": 10 } },
      "5": { "start": { "line": 6, "column": 0 }, "end": { "line": 6, "column": 53 } },
      "6": { "start": { "line": 7, "column": 0 }, "end": { "line": 7, "column": 69 } },
      "7": { "start": { "line": 8, "column": 0 }, "end": { "line": 8, "column": 10 } },
      "9": { "start": { "line": 10, "column": 0 }, "end": { "line": 10, "column": 2 } },
      "11": { "start": { "line": 12, "column": 0 }, "end": { "line": 12, "column": 23 } }
    },
    "s": { "0": 1, "1": 1, "3": 1, "4": 13, "5": 13, "6": 13, "7": 13, "9": 13, "11": 1 },
    "branchMap": {
      "0": {
        "type": "branch",
        "line": 4,
        "loc": { "start": { "line": 4, "column": 16 }, "end": { "line": 10, "column": 2 } },
        "locations": [{ "start": { "line": 4, "column": 16 }, "end": { "line": 10, "column": 2 } }]
      }
    },
    "b": { "0": [13] },
    "fnMap": {
      "0": {
        "name": "Loading",
        "decl": { "start": { "line": 4, "column": 16 }, "end": { "line": 10, "column": 2 } },
        "loc": { "start": { "line": 4, "column": 16 }, "end": { "line": 10, "column": 2 } },
        "line": 4
      }
    },
    "f": { "0": 13 }
  },
  "C:\\Users\\Admin\\Desktop\\React-Tasks\\src\\components\\msg.tsx": {
    "path": "C:\\Users\\Admin\\Desktop\\React-Tasks\\src\\components\\msg.tsx",
    "all": false,
    "statementMap": {
      "0": { "start": { "line": 1, "column": 0 }, "end": { "line": 1, "column": 19 } },
      "2": { "start": { "line": 3, "column": 0 }, "end": { "line": 3, "column": 55 } },
      "3": { "start": { "line": 4, "column": 0 }, "end": { "line": 4, "column": 54 } },
      "5": { "start": { "line": 6, "column": 0 }, "end": { "line": 6, "column": 19 } },
      "6": { "start": { "line": 7, "column": 0 }, "end": { "line": 7, "column": 33 } },
      "7": { "start": { "line": 8, "column": 0 }, "end": { "line": 8, "column": 82 } },
      "9": { "start": { "line": 10, "column": 0 }, "end": { "line": 10, "column": 61 } },
      "11": { "start": { "line": 12, "column": 0 }, "end": { "line": 12, "column": 27 } },
      "12": { "start": { "line": 13, "column": 0 }, "end": { "line": 13, "column": 51 } },
      "13": { "start": { "line": 14, "column": 0 }, "end": { "line": 14, "column": 17 } },
      "14": { "start": { "line": 15, "column": 0 }, "end": { "line": 15, "column": 37 } },
      "15": { "start": { "line": 16, "column": 0 }, "end": { "line": 16, "column": 31 } },
      "16": { "start": { "line": 17, "column": 0 }, "end": { "line": 17, "column": 5 } },
      "17": { "start": { "line": 18, "column": 0 }, "end": { "line": 18, "column": 5 } },
      "19": { "start": { "line": 20, "column": 0 }, "end": { "line": 20, "column": 10 } },
      "20": { "start": { "line": 21, "column": 0 }, "end": { "line": 21, "column": 25 } },
      "21": { "start": { "line": 22, "column": 0 }, "end": { "line": 22, "column": 72 } },
      "22": { "start": { "line": 23, "column": 0 }, "end": { "line": 23, "column": 77 } },
      "24": { "start": { "line": 25, "column": 0 }, "end": { "line": 25, "column": 15 } },
      "25": { "start": { "line": 26, "column": 0 }, "end": { "line": 26, "column": 8 } },
      "26": { "start": { "line": 27, "column": 0 }, "end": { "line": 27, "column": 114 } },
      "27": { "start": { "line": 28, "column": 0 }, "end": { "line": 28, "column": 87 } },
      "28": { "start": { "line": 29, "column": 0 }, "end": { "line": 29, "column": 28 } },
      "29": { "start": { "line": 30, "column": 0 }, "end": { "line": 30, "column": 7 } },
      "31": { "start": { "line": 32, "column": 0 }, "end": { "line": 32, "column": 10 } },
      "32": { "start": { "line": 33, "column": 0 }, "end": { "line": 33, "column": 10 } },
      "34": { "start": { "line": 35, "column": 0 }, "end": { "line": 35, "column": 2 } },
      "36": { "start": { "line": 37, "column": 0 }, "end": { "line": 37, "column": 19 } }
    },
    "s": {
      "0": 1,
      "2": 1,
      "3": 1,
      "5": 1,
      "6": 2,
      "7": 2,
      "9": 2,
      "11": 2,
      "12": 2,
      "13": 8,
      "14": 6,
      "15": 6,
      "16": 6,
      "17": 2,
      "19": 2,
      "20": 2,
      "21": 2,
      "22": 2,
      "24": 2,
      "25": 2,
      "26": 2,
      "27": 2,
      "28": 2,
      "29": 2,
      "31": 2,
      "32": 2,
      "34": 2,
      "36": 1
    },
    "branchMap": {
      "0": {
        "type": "branch",
        "line": 6,
        "loc": { "start": { "line": 6, "column": 12 }, "end": { "line": 35, "column": 2 } },
        "locations": [{ "start": { "line": 6, "column": 12 }, "end": { "line": 35, "column": 2 } }]
      },
      "1": {
        "type": "branch",
        "line": 8,
        "loc": { "start": { "line": 8, "column": 40 }, "end": { "line": 8, "column": 80 } },
        "locations": [{ "start": { "line": 8, "column": 40 }, "end": { "line": 8, "column": 80 } }]
      },
      "2": {
        "type": "branch",
        "line": 10,
        "loc": { "start": { "line": 10, "column": 34 }, "end": { "line": 10, "column": 61 } },
        "locations": [{ "start": { "line": 10, "column": 34 }, "end": { "line": 10, "column": 61 } }]
      },
      "3": {
        "type": "branch",
        "line": 13,
        "loc": { "start": { "line": 13, "column": 41 }, "end": { "line": 18, "column": 3 } },
        "locations": [{ "start": { "line": 13, "column": 41 }, "end": { "line": 18, "column": 3 } }]
      },
      "4": {
        "type": "branch",
        "line": 14,
        "loc": { "start": { "line": 14, "column": 16 }, "end": { "line": 17, "column": 5 } },
        "locations": [{ "start": { "line": 14, "column": 16 }, "end": { "line": 17, "column": 5 } }]
      },
      "5": {
        "type": "branch",
        "line": 23,
        "loc": { "start": { "line": 23, "column": 44 }, "end": { "line": 23, "column": 77 } },
        "locations": [{ "start": { "line": 23, "column": 44 }, "end": { "line": 23, "column": 77 } }]
      }
    },
    "b": { "0": [2], "1": [4], "2": [1], "3": [8], "4": [6], "5": [1] },
    "fnMap": {
      "0": {
        "name": "Msg",
        "decl": { "start": { "line": 6, "column": 12 }, "end": { "line": 35, "column": 2 } },
        "loc": { "start": { "line": 6, "column": 12 }, "end": { "line": 35, "column": 2 } },
        "line": 6
      },
      "1": {
        "name": "deleteElementsFromSlice",
        "decl": { "start": { "line": 10, "column": 34 }, "end": { "line": 10, "column": 61 } },
        "loc": { "start": { "line": 10, "column": 34 }, "end": { "line": 10, "column": 61 } },
        "line": 10
      },
      "2": {
        "name": "onClick",
        "decl": { "start": { "line": 23, "column": 44 }, "end": { "line": 23, "column": 77 } },
        "loc": { "start": { "line": 23, "column": 44 }, "end": { "line": 23, "column": 77 } },
        "line": 23
      }
    },
    "f": { "0": 2, "1": 1, "2": 1 }
  },
  "C:\\Users\\Admin\\Desktop\\React-Tasks\\src\\components\\pagination.tsx": {
    "path": "C:\\Users\\Admin\\Desktop\\React-Tasks\\src\\components\\pagination.tsx",
    "all": false,
    "statementMap": {
      "0": { "start": { "line": 1, "column": 0 }, "end": { "line": 1, "column": 26 } },
      "1": { "start": { "line": 2, "column": 0 }, "end": { "line": 2, "column": 47 } },
      "2": { "start": { "line": 3, "column": 0 }, "end": { "line": 3, "column": 42 } },
      "5": { "start": { "line": 6, "column": 0 }, "end": { "line": 6, "column": 26 } },
      "6": { "start": { "line": 7, "column": 0 }, "end": { "line": 7, "column": 33 } },
      "7": { "start": { "line": 8, "column": 0 }, "end": { "line": 8, "column": 74 } },
      "9": { "start": { "line": 10, "column": 0 }, "end": { "line": 10, "column": 115 } },
      "11": { "start": { "line": 12, "column": 0 }, "end": { "line": 12, "column": 10 } },
      "12": { "start": { "line": 13, "column": 0 }, "end": { "line": 13, "column": 32 } },
      "13": { "start": { "line": 14, "column": 0 }, "end": { "line": 14, "column": 13 } },
      "14": { "start": { "line": 15, "column": 0 }, "end": { "line": 15, "column": 35 } },
      "15": { "start": { "line": 16, "column": 0 }, "end": { "line": 16, "column": 56 } },
      "16": { "start": { "line": 17, "column": 0 }, "end": { "line": 17, "column": 38 } },
      "17": { "start": { "line": 18, "column": 0 }, "end": { "line": 18, "column": 7 } },
      "19": { "start": { "line": 20, "column": 0 }, "end": { "line": 20, "column": 15 } },
      "20": { "start": { "line": 21, "column": 0 }, "end": { "line": 21, "column": 69 } },
      "21": { "start": { "line": 22, "column": 0 }, "end": { "line": 22, "column": 13 } },
      "22": { "start": { "line": 23, "column": 0 }, "end": { "line": 23, "column": 35 } },
      "23": { "start": { "line": 24, "column": 0 }, "end": { "line": 24, "column": 79 } },
      "24": { "start": { "line": 25, "column": 0 }, "end": { "line": 25, "column": 37 } },
      "25": { "start": { "line": 26, "column": 0 }, "end": { "line": 26, "column": 7 } },
      "27": { "start": { "line": 28, "column": 0 }, "end": { "line": 28, "column": 15 } },
      "28": { "start": { "line": 29, "column": 0 }, "end": { "line": 29, "column": 10 } },
      "30": { "start": { "line": 31, "column": 0 }, "end": { "line": 31, "column": 2 } },
      "32": { "start": { "line": 33, "column": 0 }, "end": { "line": 33, "column": 26 } }
    },
    "s": {
      "0": 1,
      "1": 1,
      "2": 1,
      "5": 1,
      "6": 18,
      "7": 18,
      "9": 18,
      "11": 18,
      "12": 18,
      "13": 18,
      "14": 18,
      "15": 18,
      "16": 18,
      "17": 18,
      "19": 18,
      "20": 18,
      "21": 18,
      "22": 18,
      "23": 18,
      "24": 18,
      "25": 18,
      "27": 18,
      "28": 18,
      "30": 18,
      "32": 1
    },
    "branchMap": {
      "0": {
        "type": "branch",
        "line": 6,
        "loc": { "start": { "line": 6, "column": 19 }, "end": { "line": 31, "column": 2 } },
        "locations": [{ "start": { "line": 6, "column": 19 }, "end": { "line": 31, "column": 2 } }]
      },
      "1": {
        "type": "branch",
        "line": 16,
        "loc": { "start": { "line": 16, "column": 39 }, "end": { "line": 16, "column": 51 } },
        "locations": [{ "start": { "line": 16, "column": 39 }, "end": { "line": 16, "column": 51 } }]
      },
      "2": {
        "type": "branch",
        "line": 16,
        "loc": { "start": { "line": 16, "column": 43 }, "end": { "line": 16, "column": 56 } },
        "locations": [{ "start": { "line": 16, "column": 43 }, "end": { "line": 16, "column": 56 } }]
      },
      "3": {
        "type": "branch",
        "line": 24,
        "loc": { "start": { "line": 24, "column": 53 }, "end": { "line": 24, "column": 74 } },
        "locations": [{ "start": { "line": 24, "column": 53 }, "end": { "line": 24, "column": 74 } }]
      },
      "4": {
        "type": "branch",
        "line": 24,
        "loc": { "start": { "line": 24, "column": 66 }, "end": { "line": 24, "column": 79 } },
        "locations": [{ "start": { "line": 24, "column": 66 }, "end": { "line": 24, "column": 79 } }]
      },
      "5": {
        "type": "branch",
        "line": 8,
        "loc": { "start": { "line": 8, "column": 36 }, "end": { "line": 8, "column": 72 } },
        "locations": [{ "start": { "line": 8, "column": 36 }, "end": { "line": 8, "column": 72 } }]
      },
      "6": {
        "type": "branch",
        "line": 10,
        "loc": { "start": { "line": 10, "column": 21 }, "end": { "line": 10, "column": 115 } },
        "locations": [{ "start": { "line": 10, "column": 21 }, "end": { "line": 10, "column": 115 } }]
      },
      "7": {
        "type": "branch",
        "line": 17,
        "loc": { "start": { "line": 17, "column": 17 }, "end": { "line": 17, "column": 38 } },
        "locations": [{ "start": { "line": 17, "column": 17 }, "end": { "line": 17, "column": 38 } }]
      },
      "8": {
        "type": "branch",
        "line": 25,
        "loc": { "start": { "line": 25, "column": 17 }, "end": { "line": 25, "column": 37 } },
        "locations": [{ "start": { "line": 25, "column": 17 }, "end": { "line": 25, "column": 37 } }]
      }
    },
    "b": { "0": [18], "1": [4], "2": [13], "3": [4], "4": [13], "5": [29], "6": [2], "7": [1], "8": [1] },
    "fnMap": {
      "0": {
        "name": "Pagination",
        "decl": { "start": { "line": 6, "column": 19 }, "end": { "line": 31, "column": 2 } },
        "loc": { "start": { "line": 6, "column": 19 }, "end": { "line": 31, "column": 2 } },
        "line": 6
      },
      "1": {
        "name": "changePage",
        "decl": { "start": { "line": 10, "column": 21 }, "end": { "line": 10, "column": 115 } },
        "loc": { "start": { "line": 10, "column": 21 }, "end": { "line": 10, "column": 115 } },
        "line": 10
      },
      "2": {
        "name": "onClick",
        "decl": { "start": { "line": 17, "column": 17 }, "end": { "line": 17, "column": 38 } },
        "loc": { "start": { "line": 17, "column": 17 }, "end": { "line": 17, "column": 38 } },
        "line": 17
      },
      "3": {
        "name": "onClick",
        "decl": { "start": { "line": 25, "column": 17 }, "end": { "line": 25, "column": 37 } },
        "loc": { "start": { "line": 25, "column": 17 }, "end": { "line": 25, "column": 37 } },
        "line": 25
      }
    },
    "f": { "0": 18, "1": 2, "2": 1, "3": 1 }
  },
  "C:\\Users\\Admin\\Desktop\\React-Tasks\\src\\components\\search.tsx": {
    "path": "C:\\Users\\Admin\\Desktop\\React-Tasks\\src\\components\\search.tsx",
    "all": false,
    "statementMap": {
      "0": { "start": { "line": 1, "column": 0 }, "end": { "line": 1, "column": 22 } },
      "1": { "start": { "line": 2, "column": 0 }, "end": { "line": 2, "column": 47 } },
      "2": { "start": { "line": 3, "column": 0 }, "end": { "line": 3, "column": 31 } },
      "4": { "start": { "line": 5, "column": 0 }, "end": { "line": 5, "column": 55 } },
      "5": { "start": { "line": 6, "column": 0 }, "end": { "line": 6, "column": 66 } },
      "7": { "start": { "line": 8, "column": 0 }, "end": { "line": 8, "column": 22 } },
      "8": { "start": { "line": 9, "column": 0 }, "end": { "line": 9, "column": 33 } },
      "9": { "start": { "line": 10, "column": 0 }, "end": { "line": 10, "column": 37 } },
      "10": { "start": { "line": 11, "column": 0 }, "end": { "line": 11, "column": 74 } },
      "11": { "start": { "line": 12, "column": 0 }, "end": { "line": 12, "column": 33 } },
      "13": { "start": { "line": 14, "column": 0 }, "end": { "line": 14, "column": 26 } },
      "14": { "start": { "line": 15, "column": 0 }, "end": { "line": 15, "column": 67 } },
      "15": { "start": { "line": 16, "column": 0 }, "end": { "line": 16, "column": 32 } },
      "16": { "start": { "line": 17, "column": 0 }, "end": { "line": 17, "column": 31 } },
      "17": { "start": { "line": 18, "column": 0 }, "end": { "line": 18, "column": 30 } },
      "18": { "start": { "line": 19, "column": 0 }, "end": { "line": 19, "column": 33 } },
      "19": { "start": { "line": 20, "column": 0 }, "end": { "line": 20, "column": 30 } },
      "20": { "start": { "line": 21, "column": 0 }, "end": { "line": 21, "column": 5 } },
      "21": { "start": { "line": 22, "column": 0 }, "end": { "line": 22, "column": 3 } },
      "23": { "start": { "line": 24, "column": 0 }, "end": { "line": 24, "column": 37 } },
      "24": { "start": { "line": 25, "column": 0 }, "end": { "line": 25, "column": 32 } },
      "25": { "start": { "line": 26, "column": 0 }, "end": { "line": 26, "column": 62 } },
      "26": { "start": { "line": 27, "column": 0 }, "end": { "line": 27, "column": 39 } },
      "27": { "start": { "line": 28, "column": 0 }, "end": { "line": 28, "column": 25 } },
      "28": { "start": { "line": 29, "column": 0 }, "end": { "line": 29, "column": 32 } },
      "29": { "start": { "line": 30, "column": 0 }, "end": { "line": 30, "column": 38 } },
      "30": { "start": { "line": 31, "column": 0 }, "end": { "line": 31, "column": 35 } },
      "31": { "start": { "line": 32, "column": 0 }, "end": { "line": 32, "column": 7 } },
      "32": { "start": { "line": 33, "column": 0 }, "end": { "line": 33, "column": 5 } },
      "33": { "start": { "line": 34, "column": 0 }, "end": { "line": 34, "column": 3 } },
      "35": { "start": { "line": 36, "column": 0 }, "end": { "line": 36, "column": 10 } },
      "36": { "start": { "line": 37, "column": 0 }, "end": { "line": 37, "column": 51 } },
      "37": { "start": { "line": 38, "column": 0 }, "end": { "line": 38, "column": 74 } },
      "39": { "start": { "line": 40, "column": 0 }, "end": { "line": 40, "column": 15 } },
      "40": { "start": { "line": 41, "column": 0 }, "end": { "line": 41, "column": 12 } },
      "41": { "start": { "line": 42, "column": 0 }, "end": { "line": 42, "column": 27 } },
      "42": { "start": { "line": 43, "column": 0 }, "end": { "line": 43, "column": 33 } },
      "43": { "start": { "line": 44, "column": 0 }, "end": { "line": 44, "column": 31 } },
      "44": { "start": { "line": 45, "column": 0 }, "end": { "line": 45, "column": 43 } },
      "45": { "start": { "line": 46, "column": 0 }, "end": { "line": 46, "column": 8 } },
      "46": { "start": { "line": 47, "column": 0 }, "end": { "line": 47, "column": 79 } },
      "48": { "start": { "line": 49, "column": 0 }, "end": { "line": 49, "column": 15 } },
      "49": { "start": { "line": 50, "column": 0 }, "end": { "line": 50, "column": 10 } },
      "51": { "start": { "line": 52, "column": 0 }, "end": { "line": 52, "column": 2 } },
      "53": { "start": { "line": 54, "column": 0 }, "end": { "line": 54, "column": 22 } }
    },
    "s": {
      "0": 1,
      "1": 1,
      "2": 1,
      "4": 1,
      "5": 1,
      "7": 1,
      "8": 21,
      "9": 21,
      "10": 21,
      "11": 21,
      "13": 21,
      "14": 2,
      "15": 2,
      "16": 2,
      "17": 2,
      "18": 2,
      "19": 2,
      "20": 2,
      "21": 2,
      "23": 21,
      "24": 2,
      "25": 2,
      "26": 2,
      "27": 2,
      "28": 1,
      "29": 1,
      "30": 1,
      "31": 1,
      "32": 2,
      "33": 2,
      "35": 21,
      "36": 21,
      "37": 21,
      "39": 21,
      "40": 21,
      "41": 21,
      "42": 21,
      "43": 21,
      "44": 21,
      "45": 21,
      "46": 21,
      "48": 21,
      "49": 21,
      "51": 21,
      "53": 1
    },
    "branchMap": {
      "0": {
        "type": "branch",
        "line": 8,
        "loc": { "start": { "line": 8, "column": 15 }, "end": { "line": 52, "column": 2 } },
        "locations": [{ "start": { "line": 8, "column": 15 }, "end": { "line": 52, "column": 2 } }]
      },
      "1": {
        "type": "branch",
        "line": 11,
        "loc": { "start": { "line": 11, "column": 36 }, "end": { "line": 11, "column": 72 } },
        "locations": [{ "start": { "line": 11, "column": 36 }, "end": { "line": 11, "column": 72 } }]
      },
      "2": {
        "type": "branch",
        "line": 14,
        "loc": { "start": { "line": 14, "column": 2 }, "end": { "line": 22, "column": 3 } },
        "locations": [{ "start": { "line": 14, "column": 2 }, "end": { "line": 22, "column": 3 } }]
      },
      "3": {
        "type": "branch",
        "line": 24,
        "loc": { "start": { "line": 24, "column": 2 }, "end": { "line": 34, "column": 3 } },
        "locations": [{ "start": { "line": 24, "column": 2 }, "end": { "line": 34, "column": 3 } }]
      },
      "4": {
        "type": "branch",
        "line": 28,
        "loc": { "start": { "line": 28, "column": 24 }, "end": { "line": 32, "column": 7 } },
        "locations": [{ "start": { "line": 28, "column": 24 }, "end": { "line": 32, "column": 7 } }]
      },
      "5": {
        "type": "branch",
        "line": 38,
        "loc": { "start": { "line": 38, "column": 23 }, "end": { "line": 38, "column": 44 } },
        "locations": [{ "start": { "line": 38, "column": 23 }, "end": { "line": 38, "column": 44 } }]
      },
      "6": {
        "type": "branch",
        "line": 47,
        "loc": { "start": { "line": 47, "column": 23 }, "end": { "line": 47, "column": 55 } },
        "locations": [{ "start": { "line": 47, "column": 23 }, "end": { "line": 47, "column": 55 } }]
      }
    },
    "b": { "0": [21], "1": [34], "2": [2], "3": [2], "4": [1], "5": [2], "6": [2] },
    "fnMap": {
      "0": {
        "name": "Search",
        "decl": { "start": { "line": 8, "column": 15 }, "end": { "line": 52, "column": 2 } },
        "loc": { "start": { "line": 8, "column": 15 }, "end": { "line": 52, "column": 2 } },
        "line": 8
      },
      "1": {
        "name": "clearSearch",
        "decl": { "start": { "line": 14, "column": 2 }, "end": { "line": 22, "column": 3 } },
        "loc": { "start": { "line": 14, "column": 2 }, "end": { "line": 22, "column": 3 } },
        "line": 14
      },
      "2": {
        "name": "changeSearchCharacters",
        "decl": { "start": { "line": 24, "column": 2 }, "end": { "line": 34, "column": 3 } },
        "loc": { "start": { "line": 24, "column": 2 }, "end": { "line": 34, "column": 3 } },
        "line": 24
      },
      "3": {
        "name": "onClick",
        "decl": { "start": { "line": 38, "column": 23 }, "end": { "line": 38, "column": 44 } },
        "loc": { "start": { "line": 38, "column": 23 }, "end": { "line": 38, "column": 44 } },
        "line": 38
      },
      "4": {
        "name": "onClick",
        "decl": { "start": { "line": 47, "column": 23 }, "end": { "line": 47, "column": 55 } },
        "loc": { "start": { "line": 47, "column": 23 }, "end": { "line": 47, "column": 55 } },
        "line": 47
      }
    },
    "f": { "0": 21, "1": 2, "2": 2, "3": 2, "4": 2 }
  },
  "C:\\Users\\Admin\\Desktop\\React-Tasks\\src\\components\\themeContext.tsx": {
    "path": "C:\\Users\\Admin\\Desktop\\React-Tasks\\src\\components\\themeContext.tsx",
    "all": false,
    "statementMap": {
      "0": { "start": { "line": 1, "column": 0 }, "end": { "line": 1, "column": 26 } },
      "2": { "start": { "line": 3, "column": 0 }, "end": { "line": 3, "column": 42 } },
      "3": { "start": { "line": 4, "column": 0 }, "end": { "line": 4, "column": 15 } },
      "4": { "start": { "line": 5, "column": 0 }, "end": { "line": 5, "column": 23 } },
      "5": { "start": { "line": 6, "column": 0 }, "end": { "line": 6, "column": 29 } },
      "6": { "start": { "line": 7, "column": 0 }, "end": { "line": 7, "column": 4 } },
      "7": { "start": { "line": 8, "column": 0 }, "end": { "line": 8, "column": 3 } },
      "9": { "start": { "line": 10, "column": 0 }, "end": { "line": 10, "column": 28 } }
    },
    "s": { "0": 1, "2": 1, "3": 1, "4": 1, "5": 2, "6": 2, "7": 1, "9": 1 },
    "branchMap": {
      "0": {
        "type": "branch",
        "line": 5,
        "loc": { "start": { "line": 5, "column": 10 }, "end": { "line": 7, "column": 4 } },
        "locations": [{ "start": { "line": 5, "column": 10 }, "end": { "line": 7, "column": 4 } }]
      }
    },
    "b": { "0": [2] },
    "fnMap": {
      "0": {
        "name": "change",
        "decl": { "start": { "line": 5, "column": 10 }, "end": { "line": 7, "column": 4 } },
        "loc": { "start": { "line": 5, "column": 10 }, "end": { "line": 7, "column": 4 } },
        "line": 5
      }
    },
    "f": { "0": 2 }
  },
  "C:\\Users\\Admin\\Desktop\\React-Tasks\\src\\modules\\errorBoundary.tsx": {
    "path": "C:\\Users\\Admin\\Desktop\\React-Tasks\\src\\modules\\errorBoundary.tsx",
    "all": false,
    "statementMap": {
      "0": { "start": { "line": 1, "column": 0 }, "end": { "line": 1, "column": 34 } },
      "1": { "start": { "line": 2, "column": 0 }, "end": { "line": 2, "column": 29 } },
      "4": { "start": { "line": 5, "column": 0 }, "end": { "line": 5, "column": 54 } },
      "5": { "start": { "line": 6, "column": 0 }, "end": { "line": 6, "column": 30 } },
      "7": { "start": { "line": 8, "column": 0 }, "end": { "line": 8, "column": 49 } },
      "8": { "start": { "line": 9, "column": 0 }, "end": { "line": 9, "column": 43 } },
      "9": { "start": { "line": 10, "column": 0 }, "end": { "line": 10, "column": 30 } },
      "10": { "start": { "line": 11, "column": 0 }, "end": { "line": 11, "column": 3 } },
      "12": { "start": { "line": 13, "column": 0 }, "end": { "line": 13, "column": 63 } },
      "13": { "start": { "line": 14, "column": 0 }, "end": { "line": 14, "column": 54 } },
      "14": { "start": { "line": 15, "column": 0 }, "end": { "line": 15, "column": 3 } },
      "16": { "start": { "line": 17, "column": 0 }, "end": { "line": 17, "column": 12 } },
      "17": { "start": { "line": 18, "column": 0 }, "end": { "line": 18, "column": 30 } },
      "18": { "start": { "line": 19, "column": 0 }, "end": { "line": 19, "column": 14 } },
      "19": { "start": { "line": 20, "column": 0 }, "end": { "line": 20, "column": 40 } },
      "20": { "start": { "line": 21, "column": 0 }, "end": { "line": 21, "column": 49 } },
      "21": { "start": { "line": 22, "column": 0 }, "end": { "line": 22, "column": 14 } },
      "23": { "start": { "line": 24, "column": 0 }, "end": { "line": 24, "column": 38 } },
      "24": { "start": { "line": 25, "column": 0 }, "end": { "line": 25, "column": 3 } },
      "25": { "start": { "line": 26, "column": 0 }, "end": { "line": 26, "column": 1 } },
      "27": { "start": { "line": 28, "column": 0 }, "end": { "line": 28, "column": 29 } }
    },
    "s": {
      "0": 1,
      "1": 1,
      "4": 6,
      "5": 6,
      "7": 1,
      "8": 2,
      "9": 2,
      "10": 2,
      "12": 1,
      "13": 1,
      "14": 1,
      "16": 1,
      "17": 7,
      "18": 2,
      "19": 2,
      "20": 2,
      "21": 2,
      "23": 7,
      "24": 7,
      "25": 1,
      "27": 1
    },
    "branchMap": {
      "0": {
        "type": "branch",
        "line": 5,
        "loc": { "start": { "line": 5, "column": 0 }, "end": { "line": 6, "column": 30 } },
        "locations": [{ "start": { "line": 5, "column": 0 }, "end": { "line": 6, "column": 30 } }]
      },
      "1": {
        "type": "branch",
        "line": 8,
        "loc": { "start": { "line": 8, "column": 9 }, "end": { "line": 11, "column": 3 } },
        "locations": [{ "start": { "line": 8, "column": 9 }, "end": { "line": 11, "column": 3 } }]
      },
      "2": {
        "type": "branch",
        "line": 13,
        "loc": { "start": { "line": 13, "column": 2 }, "end": { "line": 15, "column": 3 } },
        "locations": [{ "start": { "line": 13, "column": 2 }, "end": { "line": 15, "column": 3 } }]
      },
      "3": {
        "type": "branch",
        "line": 17,
        "loc": { "start": { "line": 17, "column": 2 }, "end": { "line": 25, "column": 3 } },
        "locations": [{ "start": { "line": 17, "column": 2 }, "end": { "line": 25, "column": 3 } }]
      },
      "4": {
        "type": "branch",
        "line": 18,
        "loc": { "start": { "line": 18, "column": 29 }, "end": { "line": 24, "column": 11 } },
        "locations": [{ "start": { "line": 18, "column": 29 }, "end": { "line": 24, "column": 11 } }]
      },
      "5": {
        "type": "branch",
        "line": 24,
        "loc": { "start": { "line": 24, "column": 4 }, "end": { "line": 24, "column": 38 } },
        "locations": [{ "start": { "line": 24, "column": 4 }, "end": { "line": 24, "column": 38 } }]
      }
    },
    "b": { "0": [6], "1": [2], "2": [1], "3": [7], "4": [2], "5": [5] },
    "fnMap": {
      "0": {
        "name": "ErrorBoundary",
        "decl": { "start": { "line": 5, "column": 0 }, "end": { "line": 6, "column": 30 } },
        "loc": { "start": { "line": 5, "column": 0 }, "end": { "line": 6, "column": 30 } },
        "line": 5
      },
      "1": {
        "name": "getDerivedStateFromError",
        "decl": { "start": { "line": 8, "column": 9 }, "end": { "line": 11, "column": 3 } },
        "loc": { "start": { "line": 8, "column": 9 }, "end": { "line": 11, "column": 3 } },
        "line": 8
      },
      "2": {
        "name": "componentDidCatch",
        "decl": { "start": { "line": 13, "column": 2 }, "end": { "line": 15, "column": 3 } },
        "loc": { "start": { "line": 13, "column": 2 }, "end": { "line": 15, "column": 3 } },
        "line": 13
      },
      "3": {
        "name": "render",
        "decl": { "start": { "line": 17, "column": 2 }, "end": { "line": 25, "column": 3 } },
        "loc": { "start": { "line": 17, "column": 2 }, "end": { "line": 25, "column": 3 } },
        "line": 17
      }
    },
    "f": { "0": 6, "1": 2, "2": 1, "3": 7 }
  },
  "C:\\Users\\Admin\\Desktop\\React-Tasks\\src\\modules\\pagesRouter.tsx": {
    "path": "C:\\Users\\Admin\\Desktop\\React-Tasks\\src\\modules\\pagesRouter.tsx",
    "all": false,
    "statementMap": {
      "0": { "start": { "line": 1, "column": 0 }, "end": { "line": 1, "column": 49 } },
      "1": { "start": { "line": 2, "column": 0 }, "end": { "line": 2, "column": 41 } },
      "2": { "start": { "line": 3, "column": 0 }, "end": { "line": 3, "column": 49 } },
      "3": { "start": { "line": 4, "column": 0 }, "end": { "line": 4, "column": 60 } },
      "5": { "start": { "line": 6, "column": 0 }, "end": { "line": 6, "column": 34 } },
      "6": { "start": { "line": 7, "column": 0 }, "end": { "line": 7, "column": 10 } },
      "7": { "start": { "line": 8, "column": 0 }, "end": { "line": 8, "column": 12 } },
      "8": { "start": { "line": 9, "column": 0 }, "end": { "line": 9, "column": 45 } },
      "9": { "start": { "line": 10, "column": 0 }, "end": { "line": 10, "column": 66 } },
      "10": { "start": { "line": 11, "column": 0 }, "end": { "line": 11, "column": 14 } },
      "11": { "start": { "line": 12, "column": 0 }, "end": { "line": 12, "column": 52 } },
      "12": { "start": { "line": 13, "column": 0 }, "end": { "line": 13, "column": 60 } },
      "13": { "start": { "line": 14, "column": 0 }, "end": { "line": 14, "column": 52 } },
      "14": { "start": { "line": 15, "column": 0 }, "end": { "line": 15, "column": 13 } },
      "16": { "start": { "line": 17, "column": 0 }, "end": { "line": 17, "column": 2 } }
    },
    "s": {
      "0": 1,
      "1": 1,
      "2": 1,
      "3": 1,
      "5": 1,
      "6": 5,
      "7": 5,
      "8": 5,
      "9": 5,
      "10": 5,
      "11": 5,
      "12": 5,
      "13": 5,
      "14": 5,
      "16": 5
    },
    "branchMap": {
      "0": {
        "type": "branch",
        "line": 6,
        "loc": { "start": { "line": 6, "column": 27 }, "end": { "line": 17, "column": 2 } },
        "locations": [{ "start": { "line": 6, "column": 27 }, "end": { "line": 17, "column": 2 } }]
      }
    },
    "b": { "0": [5] },
    "fnMap": {
      "0": {
        "name": "PagesRouter",
        "decl": { "start": { "line": 6, "column": 27 }, "end": { "line": 17, "column": 2 } },
        "loc": { "start": { "line": 6, "column": 27 }, "end": { "line": 17, "column": 2 } },
        "line": 6
      }
    },
    "f": { "0": 5 }
  },
  "C:\\Users\\Admin\\Desktop\\React-Tasks\\src\\pages\\pageMain.tsx": {
    "path": "C:\\Users\\Admin\\Desktop\\React-Tasks\\src\\pages\\pageMain.tsx",
    "all": false,
    "statementMap": {
      "0": { "start": { "line": 1, "column": 0 }, "end": { "line": 1, "column": 24 } },
      "1": { "start": { "line": 2, "column": 0 }, "end": { "line": 2, "column": 42 } },
      "2": { "start": { "line": 3, "column": 0 }, "end": { "line": 3, "column": 42 } },
      "3": { "start": { "line": 4, "column": 0 }, "end": { "line": 4, "column": 38 } },
      "4": { "start": { "line": 5, "column": 0 }, "end": { "line": 5, "column": 46 } },
      "5": { "start": { "line": 6, "column": 0 }, "end": { "line": 6, "column": 46 } },
      "6": { "start": { "line": 7, "column": 0 }, "end": { "line": 7, "column": 55 } },
      "8": { "start": { "line": 9, "column": 0 }, "end": { "line": 9, "column": 97 } },
      "9": { "start": { "line": 10, "column": 0 }, "end": { "line": 10, "column": 60 } },
      "11": { "start": { "line": 12, "column": 0 }, "end": { "line": 12, "column": 50 } },
      "12": { "start": { "line": 13, "column": 0 }, "end": { "line": 13, "column": 44 } },
      "13": { "start": { "line": 14, "column": 0 }, "end": { "line": 14, "column": 53 } },
      "14": { "start": { "line": 15, "column": 0 }, "end": { "line": 15, "column": 54 } },
      "15": { "start": { "line": 16, "column": 0 }, "end": { "line": 16, "column": 36 } },
      "16": { "start": { "line": 17, "column": 0 }, "end": { "line": 17, "column": 54 } },
      "18": { "start": { "line": 19, "column": 0 }, "end": { "line": 19, "column": 24 } },
      "19": { "start": { "line": 20, "column": 0 }, "end": { "line": 20, "column": 41 } },
      "20": { "start": { "line": 21, "column": 0 }, "end": { "line": 21, "column": 33 } },
      "21": { "start": { "line": 22, "column": 0 }, "end": { "line": 22, "column": 74 } },
      "22": { "start": { "line": 23, "column": 0 }, "end": { "line": 23, "column": 82 } },
      "23": { "start": { "line": 24, "column": 0 }, "end": { "line": 24, "column": 110 } },
      "24": { "start": { "line": 25, "column": 0 }, "end": { "line": 25, "column": 29 } },
      "25": { "start": { "line": 26, "column": 0 }, "end": { "line": 26, "column": 31 } },
      "26": { "start": { "line": 27, "column": 0 }, "end": { "line": 27, "column": 35 } },
      "28": { "start": { "line": 29, "column": 0 }, "end": { "line": 29, "column": 19 } },
      "29": { "start": { "line": 30, "column": 0 }, "end": { "line": 30, "column": 69 } },
      "30": { "start": { "line": 31, "column": 0 }, "end": { "line": 31, "column": 55 } },
      "31": { "start": { "line": 32, "column": 0 }, "end": { "line": 32, "column": 39 } },
      "33": { "start": { "line": 34, "column": 0 }, "end": { "line": 34, "column": 19 } },
      "34": { "start": { "line": 35, "column": 0 }, "end": { "line": 35, "column": 56 } },
      "35": { "start": { "line": 36, "column": 0 }, "end": { "line": 36, "column": 70 } },
      "36": { "start": { "line": 37, "column": 0 }, "end": { "line": 37, "column": 33 } },
      "38": { "start": { "line": 39, "column": 0 }, "end": { "line": 39, "column": 26 } },
      "39": { "start": { "line": 40, "column": 0 }, "end": { "line": 40, "column": 19 } },
      "40": { "start": { "line": 41, "column": 0 }, "end": { "line": 41, "column": 39 } },
      "41": { "start": { "line": 42, "column": 0 }, "end": { "line": 42, "column": 3 } },
      "43": { "start": { "line": 44, "column": 0 }, "end": { "line": 44, "column": 51 } },
      "44": { "start": { "line": 45, "column": 0 }, "end": { "line": 45, "column": 28 } },
      "45": { "start": { "line": 46, "column": 0 }, "end": { "line": 46, "column": 113 } },
      "46": { "start": { "line": 47, "column": 0 }, "end": { "line": 47, "column": 51 } },
      "47": { "start": { "line": 48, "column": 0 }, "end": { "line": 48, "column": 11 } },
      "48": { "start": { "line": 49, "column": 0 }, "end": { "line": 49, "column": 27 } },
      "49": { "start": { "line": 50, "column": 0 }, "end": { "line": 50, "column": 26 } },
      "50": { "start": { "line": 51, "column": 0 }, "end": { "line": 51, "column": 34 } },
      "51": { "start": { "line": 52, "column": 0 }, "end": { "line": 52, "column": 29 } },
      "52": { "start": { "line": 53, "column": 0 }, "end": { "line": 53, "column": 42 } },
      "53": { "start": { "line": 54, "column": 0 }, "end": { "line": 54, "column": 8 } },
      "54": { "start": { "line": 55, "column": 0 }, "end": { "line": 55, "column": 7 } },
      "55": { "start": { "line": 56, "column": 0 }, "end": { "line": 56, "column": 3 } },
      "57": { "start": { "line": 58, "column": 0 }, "end": { "line": 58, "column": 67 } },
      "58": { "start": { "line": 59, "column": 0 }, "end": { "line": 59, "column": 24 } },
      "60": { "start": { "line": 61, "column": 0 }, "end": { "line": 61, "column": 73 } },
      "62": { "start": { "line": 63, "column": 0 }, "end": { "line": 63, "column": 10 } },
      "63": { "start": { "line": 64, "column": 0 }, "end": { "line": 64, "column": 89 } },
      "64": { "start": { "line": 65, "column": 0 }, "end": { "line": 65, "column": 44 } },
      "65": { "start": { "line": 66, "column": 0 }, "end": { "line": 66, "column": 18 } },
      "66": { "start": { "line": 67, "column": 0 }, "end": { "line": 67, "column": 12 } },
      "67": { "start": { "line": 68, "column": 0 }, "end": { "line": 68, "column": 39 } },
      "68": { "start": { "line": 69, "column": 0 }, "end": { "line": 69, "column": 73 } },
      "69": { "start": { "line": 70, "column": 0 }, "end": { "line": 70, "column": 24 } },
      "70": { "start": { "line": 71, "column": 0 }, "end": { "line": 71, "column": 21 } },
      "71": { "start": { "line": 72, "column": 0 }, "end": { "line": 72, "column": 30 } },
      "72": { "start": { "line": 73, "column": 0 }, "end": { "line": 73, "column": 38 } },
      "73": { "start": { "line": 74, "column": 0 }, "end": { "line": 74, "column": 10 } },
      "74": { "start": { "line": 75, "column": 0 }, "end": { "line": 75, "column": 15 } },
      "75": { "start": { "line": 76, "column": 0 }, "end": { "line": 76, "column": 40 } },
      "76": { "start": { "line": 77, "column": 0 }, "end": { "line": 77, "column": 22 } },
      "77": { "start": { "line": 78, "column": 0 }, "end": { "line": 78, "column": 22 } },
      "78": { "start": { "line": 79, "column": 0 }, "end": { "line": 79, "column": 18 } },
      "79": { "start": { "line": 80, "column": 0 }, "end": { "line": 80, "column": 84 } },
      "80": { "start": { "line": 81, "column": 0 }, "end": { "line": 81, "column": 13 } },
      "81": { "start": { "line": 82, "column": 0 }, "end": { "line": 82, "column": 13 } },
      "82": { "start": { "line": 83, "column": 0 }, "end": { "line": 83, "column": 16 } },
      "83": { "start": { "line": 84, "column": 0 }, "end": { "line": 84, "column": 10 } },
      "85": { "start": { "line": 86, "column": 0 }, "end": { "line": 86, "column": 2 } },
      "87": { "start": { "line": 88, "column": 0 }, "end": { "line": 88, "column": 24 } }
    },
    "s": {
      "0": 1,
      "1": 1,
      "2": 1,
      "3": 1,
      "4": 1,
      "5": 1,
      "6": 1,
      "8": 1,
      "9": 1,
      "11": 1,
      "12": 1,
      "13": 1,
      "14": 1,
      "15": 1,
      "16": 1,
      "18": 1,
      "19": 14,
      "20": 14,
      "21": 14,
      "22": 14,
      "23": 14,
      "24": 14,
      "25": 14,
      "26": 14,
      "28": 14,
      "29": 7,
      "30": 7,
      "31": 14,
      "33": 14,
      "34": 10,
      "35": 10,
      "36": 14,
      "38": 14,
      "39": 2,
      "40": 2,
      "41": 2,
      "43": 14,
      "44": 14,
      "45": 0,
      "46": 0,
      "47": 0,
      "48": 0,
      "49": 0,
      "50": 0,
      "51": 0,
      "52": 0,
      "53": 0,
      "54": 0,
      "55": 0,
      "57": 13,
      "58": 13,
      "60": 14,
      "62": 14,
      "63": 14,
      "64": 14,
      "65": 14,
      "66": 14,
      "67": 14,
      "68": 14,
      "69": 14,
      "70": 14,
      "71": 14,
      "72": 14,
      "73": 14,
      "74": 14,
      "75": 14,
      "76": 14,
      "77": 14,
      "78": 14,
      "79": 14,
      "80": 14,
      "81": 14,
      "82": 14,
      "83": 14,
      "85": 14,
      "87": 1
    },
    "branchMap": {
      "0": {
        "type": "branch",
        "line": 19,
        "loc": { "start": { "line": 19, "column": 17 }, "end": { "line": 86, "column": 2 } },
        "locations": [{ "start": { "line": 19, "column": 17 }, "end": { "line": 86, "column": 2 } }]
      },
      "1": {
        "type": "branch",
        "line": 45,
        "loc": { "start": { "line": 45, "column": 27 }, "end": { "line": 56, "column": 3 } },
        "locations": [{ "start": { "line": 45, "column": 27 }, "end": { "line": 56, "column": 3 } }]
      },
      "2": {
        "type": "branch",
        "line": 56,
        "loc": { "start": { "line": 56, "column": 2 }, "end": { "line": 61, "column": 58 } },
        "locations": [{ "start": { "line": 56, "column": 2 }, "end": { "line": 61, "column": 58 } }]
      },
      "3": {
        "type": "branch",
        "line": 61,
        "loc": { "start": { "line": 61, "column": 54 }, "end": { "line": 61, "column": 68 } },
        "locations": [{ "start": { "line": 61, "column": 54 }, "end": { "line": 61, "column": 68 } }]
      },
      "4": {
        "type": "branch",
        "line": 61,
        "loc": { "start": { "line": 61, "column": 63 }, "end": { "line": 61, "column": 73 } },
        "locations": [{ "start": { "line": 61, "column": 63 }, "end": { "line": 61, "column": 73 } }]
      },
      "5": {
        "type": "branch",
        "line": 64,
        "loc": { "start": { "line": 64, "column": 39 }, "end": { "line": 64, "column": 57 } },
        "locations": [{ "start": { "line": 64, "column": 39 }, "end": { "line": 64, "column": 57 } }]
      },
      "6": {
        "type": "branch",
        "line": 64,
        "loc": { "start": { "line": 64, "column": 47 }, "end": { "line": 64, "column": 59 } },
        "locations": [{ "start": { "line": 64, "column": 47 }, "end": { "line": 64, "column": 59 } }]
      },
      "7": {
        "type": "branch",
        "line": 69,
        "loc": { "start": { "line": 69, "column": 40 }, "end": { "line": 69, "column": 53 } },
        "locations": [{ "start": { "line": 69, "column": 40 }, "end": { "line": 69, "column": 53 } }]
      },
      "8": {
        "type": "branch",
        "line": 69,
        "loc": { "start": { "line": 69, "column": 48 }, "end": { "line": 69, "column": 70 } },
        "locations": [{ "start": { "line": 69, "column": 48 }, "end": { "line": 69, "column": 70 } }]
      },
      "9": {
        "type": "branch",
        "line": 80,
        "loc": { "start": { "line": 80, "column": 24 }, "end": { "line": 80, "column": 65 } },
        "locations": [{ "start": { "line": 80, "column": 24 }, "end": { "line": 80, "column": 65 } }]
      },
      "10": {
        "type": "branch",
        "line": 80,
        "loc": { "start": { "line": 80, "column": 52 }, "end": { "line": 80, "column": 79 } },
        "locations": [{ "start": { "line": 80, "column": 52 }, "end": { "line": 80, "column": 79 } }]
      },
      "11": {
        "type": "branch",
        "line": 80,
        "loc": { "start": { "line": 80, "column": 74 }, "end": { "line": 80, "column": 84 } },
        "locations": [{ "start": { "line": 80, "column": 74 }, "end": { "line": 80, "column": 84 } }]
      },
      "12": {
        "type": "branch",
        "line": 22,
        "loc": { "start": { "line": 22, "column": 36 }, "end": { "line": 22, "column": 72 } },
        "locations": [{ "start": { "line": 22, "column": 36 }, "end": { "line": 22, "column": 72 } }]
      },
      "13": {
        "type": "branch",
        "line": 23,
        "loc": { "start": { "line": 23, "column": 40 }, "end": { "line": 23, "column": 80 } },
        "locations": [{ "start": { "line": 23, "column": 40 }, "end": { "line": 23, "column": 80 } }]
      },
      "14": {
        "type": "branch",
        "line": 29,
        "loc": { "start": { "line": 29, "column": 12 }, "end": { "line": 32, "column": 5 } },
        "locations": [{ "start": { "line": 29, "column": 12 }, "end": { "line": 32, "column": 5 } }]
      },
      "15": {
        "type": "branch",
        "line": 30,
        "loc": { "start": { "line": 30, "column": 8 }, "end": { "line": 30, "column": 38 } },
        "locations": [{ "start": { "line": 30, "column": 8 }, "end": { "line": 30, "column": 38 } }]
      },
      "16": {
        "type": "branch",
        "line": 30,
        "loc": { "start": { "line": 30, "column": 38 }, "end": { "line": 30, "column": 69 } },
        "locations": [{ "start": { "line": 30, "column": 38 }, "end": { "line": 30, "column": 69 } }]
      },
      "17": {
        "type": "branch",
        "line": 31,
        "loc": { "start": { "line": 31, "column": 20 }, "end": { "line": 31, "column": 55 } },
        "locations": [{ "start": { "line": 31, "column": 20 }, "end": { "line": 31, "column": 55 } }]
      },
      "18": {
        "type": "branch",
        "line": 34,
        "loc": { "start": { "line": 34, "column": 12 }, "end": { "line": 37, "column": 5 } },
        "locations": [{ "start": { "line": 34, "column": 12 }, "end": { "line": 37, "column": 5 } }]
      },
      "19": {
        "type": "branch",
        "line": 35,
        "loc": { "start": { "line": 35, "column": 23 }, "end": { "line": 35, "column": 56 } },
        "locations": [{ "start": { "line": 35, "column": 23 }, "end": { "line": 35, "column": 56 } }]
      },
      "20": {
        "type": "branch",
        "line": 36,
        "loc": { "start": { "line": 36, "column": 6 }, "end": { "line": 36, "column": 70 } },
        "locations": [{ "start": { "line": 36, "column": 6 }, "end": { "line": 36, "column": 70 } }]
      },
      "21": {
        "type": "branch",
        "line": 39,
        "loc": { "start": { "line": 39, "column": 2 }, "end": { "line": 42, "column": 3 } },
        "locations": [{ "start": { "line": 39, "column": 2 }, "end": { "line": 42, "column": 3 } }]
      },
      "22": {
        "type": "branch",
        "line": 68,
        "loc": { "start": { "line": 68, "column": 19 }, "end": { "line": 68, "column": 39 } },
        "locations": [{ "start": { "line": 68, "column": 19 }, "end": { "line": 68, "column": 39 } }]
      }
    },
    "b": {
      "0": [14],
      "1": [0],
      "2": [13],
      "3": [0],
      "4": [13],
      "5": [6],
      "6": [7],
      "7": [6],
      "8": [7],
      "9": [0],
      "10": [13],
      "11": [0],
      "12": [25],
      "13": [25],
      "14": [7],
      "15": [0],
      "16": [0],
      "17": [0],
      "18": [10],
      "19": [0],
      "20": [0],
      "21": [2],
      "22": [2]
    },
    "fnMap": {
      "0": {
        "name": "PageMain",
        "decl": { "start": { "line": 19, "column": 17 }, "end": { "line": 86, "column": 2 } },
        "loc": { "start": { "line": 19, "column": 17 }, "end": { "line": 86, "column": 2 } },
        "line": 19
      },
      "1": {
        "name": "changeTheme",
        "decl": { "start": { "line": 39, "column": 2 }, "end": { "line": 42, "column": 3 } },
        "loc": { "start": { "line": 39, "column": 2 }, "end": { "line": 42, "column": 3 } },
        "line": 39
      },
      "2": {
        "name": "onClick",
        "decl": { "start": { "line": 68, "column": 19 }, "end": { "line": 68, "column": 39 } },
        "loc": { "start": { "line": 68, "column": 19 }, "end": { "line": 68, "column": 39 } },
        "line": 68
      }
    },
    "f": { "0": 14, "1": 2, "2": 2 }
  },
  "C:\\Users\\Admin\\Desktop\\React-Tasks\\src\\pages\\pageNotFound.tsx": {
    "path": "C:\\Users\\Admin\\Desktop\\React-Tasks\\src\\pages\\pageNotFound.tsx",
    "all": false,
    "statementMap": {
      "0": { "start": { "line": 1, "column": 0 }, "end": { "line": 1, "column": 28 } },
      "1": { "start": { "line": 2, "column": 0 }, "end": { "line": 2, "column": 54 } },
      "2": { "start": { "line": 3, "column": 0 }, "end": { "line": 3, "column": 54 } },
      "3": { "start": { "line": 4, "column": 0 }, "end": { "line": 4, "column": 35 } },
      "5": { "start": { "line": 6, "column": 0 }, "end": { "line": 6, "column": 28 } },
      "6": { "start": { "line": 7, "column": 0 }, "end": { "line": 7, "column": 41 } },
      "8": { "start": { "line": 9, "column": 0 }, "end": { "line": 9, "column": 10 } },
      "9": { "start": { "line": 10, "column": 0 }, "end": { "line": 10, "column": 114 } },
      "10": { "start": { "line": 11, "column": 0 }, "end": { "line": 11, "column": 33 } },
      "11": { "start": { "line": 12, "column": 0 }, "end": { "line": 12, "column": 69 } },
      "12": { "start": { "line": 13, "column": 0 }, "end": { "line": 13, "column": 49 } },
      "13": { "start": { "line": 14, "column": 0 }, "end": { "line": 14, "column": 69 } },
      "14": { "start": { "line": 15, "column": 0 }, "end": { "line": 15, "column": 49 } },
      "16": { "start": { "line": 17, "column": 0 }, "end": { "line": 17, "column": 12 } },
      "17": { "start": { "line": 18, "column": 0 }, "end": { "line": 18, "column": 12 } },
      "18": { "start": { "line": 19, "column": 0 }, "end": { "line": 19, "column": 10 } },
      "20": { "start": { "line": 21, "column": 0 }, "end": { "line": 21, "column": 2 } },
      "22": { "start": { "line": 23, "column": 0 }, "end": { "line": 23, "column": 28 } }
    },
    "s": {
      "0": 1,
      "1": 1,
      "2": 1,
      "3": 1,
      "5": 1,
      "6": 3,
      "8": 3,
      "9": 3,
      "10": 3,
      "11": 3,
      "12": 3,
      "13": 3,
      "14": 3,
      "16": 3,
      "17": 3,
      "18": 3,
      "20": 3,
      "22": 1
    },
    "branchMap": {
      "0": {
        "type": "branch",
        "line": 6,
        "loc": { "start": { "line": 6, "column": 21 }, "end": { "line": 21, "column": 2 } },
        "locations": [{ "start": { "line": 6, "column": 21 }, "end": { "line": 21, "column": 2 } }]
      },
      "1": {
        "type": "branch",
        "line": 10,
        "loc": { "start": { "line": 10, "column": 44 }, "end": { "line": 10, "column": 77 } },
        "locations": [{ "start": { "line": 10, "column": 44 }, "end": { "line": 10, "column": 77 } }]
      },
      "2": {
        "type": "branch",
        "line": 10,
        "loc": { "start": { "line": 10, "column": 52 }, "end": { "line": 10, "column": 79 } },
        "locations": [{ "start": { "line": 10, "column": 52 }, "end": { "line": 10, "column": 79 } }]
      }
    },
    "b": { "0": [3], "1": [2], "2": [1] },
    "fnMap": {
      "0": {
        "name": "PageNotFound",
        "decl": { "start": { "line": 6, "column": 21 }, "end": { "line": 21, "column": 2 } },
        "loc": { "start": { "line": 6, "column": 21 }, "end": { "line": 21, "column": 2 } },
        "line": 6
      }
    },
    "f": { "0": 3 }
  },
  "C:\\Users\\Admin\\Desktop\\React-Tasks\\src\\redux\\dataSliceCharacter.ts": {
    "path": "C:\\Users\\Admin\\Desktop\\React-Tasks\\src\\redux\\dataSliceCharacter.ts",
    "all": false,
    "statementMap": {
      "0": { "start": { "line": 1, "column": 0 }, "end": { "line": 1, "column": 47 } },
      "2": { "start": { "line": 3, "column": 0 }, "end": { "line": 3, "column": 22 } },
      "3": { "start": { "line": 4, "column": 0 }, "end": { "line": 4, "column": 9 } },
      "4": { "start": { "line": 5, "column": 0 }, "end": { "line": 5, "column": 14 } },
      "5": { "start": { "line": 6, "column": 0 }, "end": { "line": 6, "column": 2 } },
      "7": { "start": { "line": 8, "column": 0 }, "end": { "line": 8, "column": 47 } },
      "8": { "start": { "line": 9, "column": 0 }, "end": { "line": 9, "column": 15 } },
      "9": { "start": { "line": 10, "column": 0 }, "end": { "line": 10, "column": 15 } },
      "10": { "start": { "line": 11, "column": 0 }, "end": { "line": 11, "column": 13 } },
      "11": { "start": { "line": 12, "column": 0 }, "end": { "line": 12, "column": 39 } },
      "12": { "start": { "line": 13, "column": 0 }, "end": { "line": 13, "column": 37 } },
      "13": { "start": { "line": 14, "column": 0 }, "end": { "line": 14, "column": 6 } },
      "15": { "start": { "line": 16, "column": 0 }, "end": { "line": 16, "column": 34 } },
      "16": { "start": { "line": 17, "column": 0 }, "end": { "line": 17, "column": 32 } },
      "17": { "start": { "line": 18, "column": 0 }, "end": { "line": 18, "column": 6 } },
      "18": { "start": { "line": 19, "column": 0 }, "end": { "line": 19, "column": 4 } },
      "19": { "start": { "line": 20, "column": 0 }, "end": { "line": 20, "column": 3 } },
      "21": { "start": { "line": 22, "column": 0 }, "end": { "line": 22, "column": 70 } },
      "23": { "start": { "line": 24, "column": 0 }, "end": { "line": 24, "column": 42 } }
    },
    "s": {
      "0": 1,
      "2": 1,
      "3": 1,
      "4": 1,
      "5": 1,
      "7": 1,
      "8": 1,
      "9": 1,
      "10": 1,
      "11": 1,
      "12": 1,
      "13": 1,
      "15": 1,
      "16": 4,
      "17": 4,
      "18": 1,
      "19": 1,
      "21": 1,
      "23": 1
    },
    "branchMap": {
      "0": {
        "type": "branch",
        "line": 12,
        "loc": { "start": { "line": 12, "column": 19 }, "end": { "line": 14, "column": 6 } },
        "locations": [{ "start": { "line": 12, "column": 19 }, "end": { "line": 14, "column": 6 } }]
      },
      "1": {
        "type": "branch",
        "line": 16,
        "loc": { "start": { "line": 16, "column": 14 }, "end": { "line": 18, "column": 6 } },
        "locations": [{ "start": { "line": 16, "column": 14 }, "end": { "line": 18, "column": 6 } }]
      }
    },
    "b": { "0": [1], "1": [4] },
    "fnMap": {
      "0": {
        "name": "updateDetails",
        "decl": { "start": { "line": 12, "column": 19 }, "end": { "line": 14, "column": 6 } },
        "loc": { "start": { "line": 12, "column": 19 }, "end": { "line": 14, "column": 6 } },
        "line": 12
      },
      "1": {
        "name": "updateId",
        "decl": { "start": { "line": 16, "column": 14 }, "end": { "line": 18, "column": 6 } },
        "loc": { "start": { "line": 16, "column": 14 }, "end": { "line": 18, "column": 6 } },
        "line": 16
      }
    },
    "f": { "0": 1, "1": 4 }
  },
  "C:\\Users\\Admin\\Desktop\\React-Tasks\\src\\redux\\dataSliceElements.ts": {
    "path": "C:\\Users\\Admin\\Desktop\\React-Tasks\\src\\redux\\dataSliceElements.ts",
    "all": false,
    "statementMap": {
      "0": { "start": { "line": 1, "column": 0 }, "end": { "line": 1, "column": 47 } },
      "2": { "start": { "line": 3, "column": 0 }, "end": { "line": 3, "column": 22 } },
      "3": { "start": { "line": 4, "column": 0 }, "end": { "line": 4, "column": 58 } },
      "4": { "start": { "line": 5, "column": 0 }, "end": { "line": 5, "column": 2 } },
      "6": { "start": { "line": 7, "column": 0 }, "end": { "line": 7, "column": 46 } },
      "7": { "start": { "line": 8, "column": 0 }, "end": { "line": 8, "column": 15 } },
      "8": { "start": { "line": 9, "column": 0 }, "end": { "line": 9, "column": 15 } },
      "9": { "start": { "line": 10, "column": 0 }, "end": { "line": 10, "column": 13 } },
      "10": { "start": { "line": 11, "column": 0 }, "end": { "line": 11, "column": 44 } },
      "11": { "start": { "line": 12, "column": 0 }, "end": { "line": 12, "column": 37 } },
      "12": { "start": { "line": 13, "column": 0 }, "end": { "line": 13, "column": 22 } },
      "13": { "start": { "line": 14, "column": 0 }, "end": { "line": 14, "column": 47 } },
      "14": { "start": { "line": 15, "column": 0 }, "end": { "line": 15, "column": 58 } },
      "15": { "start": { "line": 16, "column": 0 }, "end": { "line": 16, "column": 7 } },
      "16": { "start": { "line": 17, "column": 0 }, "end": { "line": 17, "column": 56 } },
      "17": { "start": { "line": 18, "column": 0 }, "end": { "line": 18, "column": 6 } },
      "19": { "start": { "line": 20, "column": 0 }, "end": { "line": 20, "column": 44 } },
      "20": { "start": { "line": 21, "column": 0 }, "end": { "line": 21, "column": 85 } },
      "21": { "start": { "line": 22, "column": 0 }, "end": { "line": 22, "column": 6 } },
      "23": { "start": { "line": 24, "column": 0 }, "end": { "line": 24, "column": 26 } },
      "24": { "start": { "line": 25, "column": 0 }, "end": { "line": 25, "column": 42 } },
      "25": { "start": { "line": 26, "column": 0 }, "end": { "line": 26, "column": 6 } },
      "26": { "start": { "line": 27, "column": 0 }, "end": { "line": 27, "column": 4 } },
      "27": { "start": { "line": 28, "column": 0 }, "end": { "line": 28, "column": 3 } },
      "29": { "start": { "line": 30, "column": 0 }, "end": { "line": 30, "column": 94 } },
      "31": { "start": { "line": 32, "column": 0 }, "end": { "line": 32, "column": 41 } }
    },
    "s": {
      "0": 1,
      "2": 1,
      "3": 1,
      "4": 1,
      "6": 1,
      "7": 1,
      "8": 1,
      "9": 1,
      "10": 1,
      "11": 2,
      "12": 2,
      "13": 2,
      "14": 2,
      "15": 2,
      "16": 2,
      "17": 2,
      "19": 1,
      "20": 1,
      "21": 1,
      "23": 1,
      "24": 1,
      "25": 1,
      "26": 1,
      "27": 1,
      "29": 1,
      "31": 1
    },
    "branchMap": {
      "0": {
        "type": "branch",
        "line": 11,
        "loc": { "start": { "line": 11, "column": 24 }, "end": { "line": 18, "column": 6 } },
        "locations": [{ "start": { "line": 11, "column": 24 }, "end": { "line": 18, "column": 6 } }]
      },
      "1": {
        "type": "branch",
        "line": 15,
        "loc": { "start": { "line": 15, "column": 45 }, "end": { "line": 15, "column": 58 } },
        "locations": [{ "start": { "line": 15, "column": 45 }, "end": { "line": 15, "column": 58 } }]
      },
      "2": {
        "type": "branch",
        "line": 17,
        "loc": { "start": { "line": 17, "column": 16 }, "end": { "line": 17, "column": 56 } },
        "locations": [{ "start": { "line": 17, "column": 16 }, "end": { "line": 17, "column": 56 } }]
      },
      "3": {
        "type": "branch",
        "line": 20,
        "loc": { "start": { "line": 20, "column": 24 }, "end": { "line": 22, "column": 6 } },
        "locations": [{ "start": { "line": 20, "column": 24 }, "end": { "line": 22, "column": 6 } }]
      },
      "4": {
        "type": "branch",
        "line": 21,
        "loc": { "start": { "line": 21, "column": 53 }, "end": { "line": 21, "column": 83 } },
        "locations": [{ "start": { "line": 21, "column": 53 }, "end": { "line": 21, "column": 83 } }]
      },
      "5": {
        "type": "branch",
        "line": 24,
        "loc": { "start": { "line": 24, "column": 14 }, "end": { "line": 26, "column": 6 } },
        "locations": [{ "start": { "line": 24, "column": 14 }, "end": { "line": 26, "column": 6 } }]
      }
    },
    "b": { "0": [2], "1": [1], "2": [1], "3": [1], "4": [1], "5": [1] },
    "fnMap": {
      "0": {
        "name": "updateCheckedCards",
        "decl": { "start": { "line": 11, "column": 24 }, "end": { "line": 18, "column": 6 } },
        "loc": { "start": { "line": 11, "column": 24 }, "end": { "line": 18, "column": 6 } },
        "line": 11
      },
      "1": {
        "name": "removeCheckedCards",
        "decl": { "start": { "line": 20, "column": 24 }, "end": { "line": 22, "column": 6 } },
        "loc": { "start": { "line": 20, "column": 24 }, "end": { "line": 22, "column": 6 } },
        "line": 20
      },
      "2": {
        "name": "clearAll",
        "decl": { "start": { "line": 24, "column": 14 }, "end": { "line": 26, "column": 6 } },
        "loc": { "start": { "line": 24, "column": 14 }, "end": { "line": 26, "column": 6 } },
        "line": 24
      }
    },
    "f": { "0": 2, "1": 1, "2": 1 }
  },
  "C:\\Users\\Admin\\Desktop\\React-Tasks\\src\\redux\\dataSlicePage.ts": {
    "path": "C:\\Users\\Admin\\Desktop\\React-Tasks\\src\\redux\\dataSlicePage.ts",
    "all": false,
    "statementMap": {
      "0": { "start": { "line": 1, "column": 0 }, "end": { "line": 1, "column": 47 } },
      "2": { "start": { "line": 3, "column": 0 }, "end": { "line": 3, "column": 22 } },
      "3": { "start": { "line": 4, "column": 0 }, "end": { "line": 4, "column": 10 } },
      "4": { "start": { "line": 5, "column": 0 }, "end": { "line": 5, "column": 16 } },
      "5": { "start": { "line": 6, "column": 0 }, "end": { "line": 6, "column": 13 } },
      "6": { "start": { "line": 7, "column": 0 }, "end": { "line": 7, "column": 26 } },
      "7": { "start": { "line": 8, "column": 0 }, "end": { "line": 8, "column": 2 } },
      "9": { "start": { "line": 10, "column": 0 }, "end": { "line": 10, "column": 42 } },
      "10": { "start": { "line": 11, "column": 0 }, "end": { "line": 11, "column": 15 } },
      "11": { "start": { "line": 12, "column": 0 }, "end": { "line": 12, "column": 15 } },
      "12": { "start": { "line": 13, "column": 0 }, "end": { "line": 13, "column": 13 } },
      "13": { "start": { "line": 14, "column": 0 }, "end": { "line": 14, "column": 36 } },
      "14": { "start": { "line": 15, "column": 0 }, "end": { "line": 15, "column": 34 } },
      "15": { "start": { "line": 16, "column": 0 }, "end": { "line": 16, "column": 6 } },
      "17": { "start": { "line": 18, "column": 0 }, "end": { "line": 18, "column": 42 } },
      "18": { "start": { "line": 19, "column": 0 }, "end": { "line": 19, "column": 40 } },
      "19": { "start": { "line": 20, "column": 0 }, "end": { "line": 20, "column": 6 } },
      "21": { "start": { "line": 22, "column": 0 }, "end": { "line": 22, "column": 38 } },
      "22": { "start": { "line": 23, "column": 0 }, "end": { "line": 23, "column": 36 } },
      "23": { "start": { "line": 24, "column": 0 }, "end": { "line": 24, "column": 6 } },
      "25": { "start": { "line": 26, "column": 0 }, "end": { "line": 26, "column": 37 } },
      "26": { "start": { "line": 27, "column": 0 }, "end": { "line": 27, "column": 46 } },
      "27": { "start": { "line": 28, "column": 0 }, "end": { "line": 28, "column": 6 } },
      "28": { "start": { "line": 29, "column": 0 }, "end": { "line": 29, "column": 4 } },
      "29": { "start": { "line": 30, "column": 0 }, "end": { "line": 30, "column": 3 } },
      "31": { "start": { "line": 32, "column": 0 }, "end": { "line": 32, "column": 97 } },
      "32": { "start": { "line": 33, "column": 0 }, "end": { "line": 33, "column": 37 } }
    },
    "s": {
      "0": 1,
      "2": 1,
      "3": 1,
      "4": 1,
      "5": 1,
      "6": 1,
      "7": 1,
      "9": 1,
      "10": 1,
      "11": 1,
      "12": 1,
      "13": 1,
      "14": 1,
      "15": 1,
      "17": 1,
      "18": 1,
      "19": 1,
      "21": 1,
      "22": 1,
      "23": 1,
      "25": 1,
      "26": 3,
      "27": 3,
      "28": 1,
      "29": 1,
      "31": 1,
      "32": 1
    },
    "branchMap": {
      "0": {
        "type": "branch",
        "line": 14,
        "loc": { "start": { "line": 14, "column": 16 }, "end": { "line": 16, "column": 6 } },
        "locations": [{ "start": { "line": 14, "column": 16 }, "end": { "line": 16, "column": 6 } }]
      },
      "1": {
        "type": "branch",
        "line": 18,
        "loc": { "start": { "line": 18, "column": 22 }, "end": { "line": 20, "column": 6 } },
        "locations": [{ "start": { "line": 18, "column": 22 }, "end": { "line": 20, "column": 6 } }]
      },
      "2": {
        "type": "branch",
        "line": 22,
        "loc": { "start": { "line": 22, "column": 18 }, "end": { "line": 24, "column": 6 } },
        "locations": [{ "start": { "line": 22, "column": 18 }, "end": { "line": 24, "column": 6 } }]
      },
      "3": {
        "type": "branch",
        "line": 26,
        "loc": { "start": { "line": 26, "column": 17 }, "end": { "line": 28, "column": 6 } },
        "locations": [{ "start": { "line": 26, "column": 17 }, "end": { "line": 28, "column": 6 } }]
      }
    },
    "b": { "0": [1], "1": [1], "2": [1], "3": [3] },
    "fnMap": {
      "0": {
        "name": "updatePage",
        "decl": { "start": { "line": 14, "column": 16 }, "end": { "line": 16, "column": 6 } },
        "loc": { "start": { "line": 14, "column": 16 }, "end": { "line": 16, "column": 6 } },
        "line": 14
      },
      "1": {
        "name": "updateTotalPages",
        "decl": { "start": { "line": 18, "column": 22 }, "end": { "line": 20, "column": 6 } },
        "loc": { "start": { "line": 18, "column": 22 }, "end": { "line": 20, "column": 6 } },
        "line": 18
      },
      "2": {
        "name": "updateSearch",
        "decl": { "start": { "line": 22, "column": 18 }, "end": { "line": 24, "column": 6 } },
        "loc": { "start": { "line": 22, "column": 18 }, "end": { "line": 24, "column": 6 } },
        "line": 22
      },
      "3": {
        "name": "updateTheme",
        "decl": { "start": { "line": 26, "column": 17 }, "end": { "line": 28, "column": 6 } },
        "loc": { "start": { "line": 26, "column": 17 }, "end": { "line": 28, "column": 6 } },
        "line": 26
      }
    },
    "f": { "0": 1, "1": 1, "2": 1, "3": 3 }
  },
  "C:\\Users\\Admin\\Desktop\\React-Tasks\\src\\redux\\store.ts": {
    "path": "C:\\Users\\Admin\\Desktop\\React-Tasks\\src\\redux\\store.ts",
    "all": false,
    "statementMap": {
      "0": { "start": { "line": 1, "column": 0 }, "end": { "line": 1, "column": 50 } },
      "1": { "start": { "line": 2, "column": 0 }, "end": { "line": 2, "column": 46 } },
      "2": { "start": { "line": 3, "column": 0 }, "end": { "line": 3, "column": 54 } },
      "3": { "start": { "line": 4, "column": 0 }, "end": { "line": 4, "column": 32 } },
      "4": { "start": { "line": 5, "column": 0 }, "end": { "line": 5, "column": 52 } },
      "6": { "start": { "line": 7, "column": 0 }, "end": { "line": 7, "column": 37 } },
      "7": { "start": { "line": 8, "column": 0 }, "end": { "line": 8, "column": 12 } },
      "8": { "start": { "line": 9, "column": 0 }, "end": { "line": 9, "column": 30 } },
      "9": { "start": { "line": 10, "column": 0 }, "end": { "line": 10, "column": 35 } },
      "10": { "start": { "line": 11, "column": 0 }, "end": { "line": 11, "column": 38 } },
      "11": { "start": { "line": 12, "column": 0 }, "end": { "line": 12, "column": 36 } },
      "12": { "start": { "line": 13, "column": 0 }, "end": { "line": 13, "column": 4 } },
      "13": { "start": { "line": 14, "column": 0 }, "end": { "line": 14, "column": 86 } },
      "14": { "start": { "line": 15, "column": 0 }, "end": { "line": 15, "column": 3 } }
    },
    "s": {
      "0": 1,
      "1": 1,
      "2": 1,
      "3": 1,
      "4": 1,
      "6": 1,
      "7": 1,
      "8": 1,
      "9": 1,
      "10": 1,
      "11": 1,
      "12": 1,
      "13": 1,
      "14": 1
    },
    "branchMap": {
      "0": {
        "type": "branch",
        "line": 14,
        "loc": { "start": { "line": 14, "column": 14 }, "end": { "line": 14, "column": 86 } },
        "locations": [{ "start": { "line": 14, "column": 14 }, "end": { "line": 14, "column": 86 } }]
      }
    },
    "b": { "0": [3] },
    "fnMap": {
      "0": {
        "name": "middleware",
        "decl": { "start": { "line": 14, "column": 14 }, "end": { "line": 14, "column": 86 } },
        "loc": { "start": { "line": 14, "column": 14 }, "end": { "line": 14, "column": 86 } },
        "line": 14
      }
    },
    "f": { "0": 3 }
  },
  "C:\\Users\\Admin\\Desktop\\React-Tasks\\src\\redux\\api\\api.ts": {
    "path": "C:\\Users\\Admin\\Desktop\\React-Tasks\\src\\redux\\api\\api.ts",
    "all": false,
    "statementMap": {
      "0": { "start": { "line": 1, "column": 0 }, "end": { "line": 1, "column": 73 } },
      "2": { "start": { "line": 3, "column": 0 }, "end": { "line": 3, "column": 54 } },
      "4": { "start": { "line": 5, "column": 0 }, "end": { "line": 5, "column": 30 } },
      "5": { "start": { "line": 6, "column": 0 }, "end": { "line": 6, "column": 50 } },
      "6": { "start": { "line": 7, "column": 0 }, "end": { "line": 7, "column": 28 } },
      "7": { "start": { "line": 8, "column": 0 }, "end": { "line": 8, "column": 37 } },
      "8": { "start": { "line": 9, "column": 0 }, "end": { "line": 9, "column": 83 } },
      "9": { "start": { "line": 10, "column": 0 }, "end": { "line": 10, "column": 7 } },
      "10": { "start": { "line": 11, "column": 0 }, "end": { "line": 11, "column": 34 } },
      "11": { "start": { "line": 12, "column": 0 }, "end": { "line": 12, "column": 38 } },
      "12": { "start": { "line": 13, "column": 0 }, "end": { "line": 13, "column": 7 } },
      "13": { "start": { "line": 14, "column": 0 }, "end": { "line": 14, "column": 5 } },
      "14": { "start": { "line": 15, "column": 0 }, "end": { "line": 15, "column": 3 } },
      "16": { "start": { "line": 17, "column": 0 }, "end": { "line": 17, "column": 71 } }
    },
    "s": {
      "0": 1,
      "2": 1,
      "4": 1,
      "5": 1,
      "6": 1,
      "7": 4,
      "8": 4,
      "9": 4,
      "10": 4,
      "11": 4,
      "12": 4,
      "13": 4,
      "14": 1,
      "16": 1
    },
    "branchMap": {
      "0": {
        "type": "branch",
        "line": 7,
        "loc": { "start": { "line": 7, "column": 13 }, "end": { "line": 14, "column": 5 } },
        "locations": [{ "start": { "line": 7, "column": 13 }, "end": { "line": 14, "column": 5 } }]
      },
      "1": {
        "type": "branch",
        "line": 9,
        "loc": { "start": { "line": 9, "column": 13 }, "end": { "line": 9, "column": 83 } },
        "locations": [{ "start": { "line": 9, "column": 13 }, "end": { "line": 9, "column": 83 } }]
      },
      "2": {
        "type": "branch",
        "line": 12,
        "loc": { "start": { "line": 12, "column": 13 }, "end": { "line": 12, "column": 38 } },
        "locations": [{ "start": { "line": 12, "column": 13 }, "end": { "line": 12, "column": 38 } }]
      }
    },
    "b": { "0": [4], "1": [3], "2": [6] },
    "fnMap": {
      "0": {
        "name": "endpoints",
        "decl": { "start": { "line": 7, "column": 13 }, "end": { "line": 14, "column": 5 } },
        "loc": { "start": { "line": 7, "column": 13 }, "end": { "line": 14, "column": 5 } },
        "line": 7
      },
      "1": {
        "name": "query",
        "decl": { "start": { "line": 9, "column": 13 }, "end": { "line": 9, "column": 83 } },
        "loc": { "start": { "line": 9, "column": 13 }, "end": { "line": 9, "column": 83 } },
        "line": 9
      },
      "2": {
        "name": "query",
        "decl": { "start": { "line": 12, "column": 13 }, "end": { "line": 12, "column": 38 } },
        "loc": { "start": { "line": 12, "column": 13 }, "end": { "line": 12, "column": 38 } },
        "line": 12
      }
    },
    "f": { "0": 4, "1": 3, "2": 6 }
  }
}
